INFO:06/28/2020 09:33:09 AM:Input : Mexique : un hacker affirme avoir faussé la présidentielle de 2012 Les révélations du hacker politique colombien Andres Sepulveda font l'effet d'une bombe depuis quelques heures au Mexique. En toute urgence, le gouvernement du président mexicain Enrique Peña Nieto a démenti...  Mexique : un hacker affirme avoir faussé la présidentielle de 2012 réagirLe hacker Andres Sepulveda dit avoir espionné les rivaux de l'actuel président mexicain Enrique Peña Nieto lors de la présidentielle 2012. Capture d'écran Twitter Les révélations du hacker politique colombien Andres Sepulveda font l'effet d'une bombe depuis quelques heures au Mexique. En toute urgence, le gouvernement du président mexicain Enrique Peña Nieto a démenti jeudi soir avoir recruté qui que ce soit pour espionner ses rivaux lors de la campagne présidentielle de 2012, comme l'affirme le hacker cité par l'agence de presse américaine Bloomberg. Andres Sepulved est incarcéré depuis 2014 pour avoir mené des actions d'espionnage visant à nuire au dialogue de paix entre le gouvernement colombien et la guerilla des FARC. Dans ses confessions à Bloomberg, il explique avoir travaillé durant des années sous les ordres d'un consultant vénézuélien, Juan José Rendon, pour mener campagne en faveur de différents partis politiques conservateurs dans plusieurs pays d'Amérique latine, dont le Mexique. Selon lui, l'entreprise de Rendon a touché, pendant la campagne présidentielle de 2012, 600.000 dollars du Parti révolutionnaire institutionnel (PRI) de Peña Nieto pour diffuser de fausses rumeurs sur Twitter et espionner les téléphones et le courrier des candidats de l'opposition Manuel Lopez Obrador et Josefina Vazquez Mota, ainsi que leur staff de campagne. Le PRI a finalement emporté l'élection après 12 années dans l'opposition. Selon Bloomberg, la carrière du hacker a commencé en 2005 avec le piratage de sites web de différents candidats à des élections, le vol de données et d'informations. Au fil des années, une véritable équipe de hacker a été constituée pour ce genre d'espionnage et leurs services étaient monnayés au prix fort. Andres Sepulveda indique à Bloomberg avoir mené également des campagnes sales pour des partis conservateurs lors des élections présidentielles de nombreux pays d'Amérique latine : Nicaragua, Panama, Honduras, Salvador, Colombie, Costa Rica, Guatemala et Venezuela. Si toutes les opérations du hacker n'ont pas toutes été synonymes de victoires pour les clients, Andres Sepulveda met en avant un grand nombre de succès et se targue d'avoir changé la face politique de l'Amérique Latine moderne : Mon travail consistait à rendre public les actions sales des candidats, à mener des opérations psychologiques, de la propagande noire, à lancer des rumeurs, finalement, tout le côté sombre de la politique que personne n'imagine. Une enquête réclamée Le gouvernement mexicain a immédiatement réagi, niant l'existence d'une quelconque relation entre l'équipe de la campagne présidentielle de 2012 et Andres Sepulveda, ainsi qu'avoir fait appel au consultant J.J. Rendon, a déclaré la présidence dans un communiqué. Nous rejetons également l'usage de l'information et la méthodologie décrites dans l'article, ajoute la présidence assurant que la campagne du PRI a été menée par les dirigeants, militants et sympathisants du parti. A la suite des accusations parues dans Bloomberg, l'ex-candidat à la présidentielle Lopez Obrador, du Parti de la révolution démocratique (PRD, gauche), a indiqué sur son compte Facebook être convaincu d'avoir été espionné durant la campagne de 2012 ainsi que celle de 2006. De son côté, Jesus Zambrano, président de la chambre des députés et dirigeant du PRD, a demandé que ces accusations fassent l'objet d'une enquête de la part des autorités judiciaires mexicaines. Les révélations du hacker politique colombien Andres Sepulveda font l'effet d'une bombe depuis quelques heures au Mexique. En toute urgence, le gouvernement du président mexicain Enrique Peña Nieto a démenti jeudi soir avoir recruté qui que ce...
[hunspell_client.py:67 - hunspell_check_text()]
INFO:06/28/2020 09:33:29 AM:Compound word : *
[hunspell_client.py:79 - hunspell_check_text()]
INFO:06/28/2020 09:33:29 AM:Compound word : *
[hunspell_client.py:79 - hunspell_check_text()]
INFO:06/28/2020 09:33:29 AM:Compound word : + hacker
[hunspell_client.py:79 - hunspell_check_text()]
INFO:06/28/2020 09:33:29 AM:Compound word : + affirmer
[hunspell_client.py:79 - hunspell_check_text()]
INFO:06/28/2020 09:33:29 AM:Compound word : + avoir
[hunspell_client.py:79 - hunspell_check_text()]
INFO:06/28/2020 09:33:29 AM:Compound word : + fausser
[hunspell_client.py:79 - hunspell_check_text()]
INFO:06/28/2020 09:33:29 AM:Compound word : *
[hunspell_client.py:79 - hunspell_check_text()]
INFO:06/28/2020 09:33:29 AM:Compound word : + présidentielle
[hunspell_client.py:79 - hunspell_check_text()]
INFO:06/28/2020 09:33:29 AM:Compound word : *
[hunspell_client.py:79 - hunspell_check_text()]
INFO:06/28/2020 09:33:29 AM:Compound word : *
[hunspell_client.py:79 - hunspell_check_text()]
INFO:06/28/2020 09:33:29 AM:Compound word : *
[hunspell_client.py:79 - hunspell_check_text()]
INFO:06/28/2020 09:33:29 AM:Compound word : + révélation
[hunspell_client.py:79 - hunspell_check_text()]
INFO:06/28/2020 09:33:29 AM:Compound word : *
[hunspell_client.py:79 - hunspell_check_text()]
INFO:06/28/2020 09:33:29 AM:Compound word : + hacker
[hunspell_client.py:79 - hunspell_check_text()]
INFO:06/28/2020 09:33:29 AM:Compound word : + politique
[hunspell_client.py:79 - hunspell_check_text()]
INFO:06/28/2020 09:33:29 AM:Compound word : + colombienne
[hunspell_client.py:79 - hunspell_check_text()]
INFO:06/28/2020 09:33:29 AM:Number of suggestions :13
[hunspell_client.py:92 - hunspell_check_text()]
INFO:06/28/2020 09:33:29 AM:AndresPossible typo with : Andrew[hunspell_client.py:97 - hunspell_check_text()]
INFO:06/28/2020 09:33:29 AM:Number of suggestions :1
[hunspell_client.py:92 - hunspell_check_text()]
INFO:06/28/2020 09:33:29 AM:Compound word : + faire
[hunspell_client.py:79 - hunspell_check_text()]
INFO:06/28/2020 09:33:29 AM:Number of suggestions :6
[hunspell_client.py:92 - hunspell_check_text()]
INFO:06/28/2020 09:33:29 AM:l'effetPossible typo with : l’effet[hunspell_client.py:97 - hunspell_check_text()]
INFO:06/28/2020 09:33:29 AM:Number of suggestions :15
[hunspell_client.py:92 - hunspell_check_text()]
INFO:06/28/2020 09:33:29 AM:d'unePossible typo with : d’une[hunspell_client.py:97 - hunspell_check_text()]
INFO:06/28/2020 09:33:29 AM:Compound word : + bombe
[hunspell_client.py:79 - hunspell_check_text()]
INFO:06/28/2020 09:33:29 AM:Compound word : *
[hunspell_client.py:79 - hunspell_check_text()]
INFO:06/28/2020 09:33:29 AM:Compound word : + quelque
[hunspell_client.py:79 - hunspell_check_text()]
INFO:06/28/2020 09:33:29 AM:Compound word : + heure
[hunspell_client.py:79 - hunspell_check_text()]
INFO:06/28/2020 09:33:29 AM:Compound word : *
[hunspell_client.py:79 - hunspell_check_text()]
INFO:06/28/2020 09:33:29 AM:Compound word : *
[hunspell_client.py:79 - hunspell_check_text()]
INFO:06/28/2020 09:33:29 AM:Compound word : *
[hunspell_client.py:79 - hunspell_check_text()]
INFO:06/28/2020 09:33:29 AM:Compound word : *
[hunspell_client.py:79 - hunspell_check_text()]
INFO:06/28/2020 09:33:29 AM:Compound word : + urgence
[hunspell_client.py:79 - hunspell_check_text()]
INFO:06/28/2020 09:33:29 AM:Compound word : *
[hunspell_client.py:79 - hunspell_check_text()]
INFO:06/28/2020 09:33:29 AM:Compound word : + gouvernement
[hunspell_client.py:79 - hunspell_check_text()]
INFO:06/28/2020 09:33:29 AM:Compound word : *
[hunspell_client.py:79 - hunspell_check_text()]
INFO:06/28/2020 09:33:29 AM:Compound word : + présidente
[hunspell_client.py:79 - hunspell_check_text()]
INFO:06/28/2020 09:33:29 AM:Compound word : + mexicaine
[hunspell_client.py:79 - hunspell_check_text()]
INFO:06/28/2020 09:33:29 AM:Compound word : *
[hunspell_client.py:79 - hunspell_check_text()]
INFO:06/28/2020 09:33:29 AM:Number of suggestions :2
[hunspell_client.py:92 - hunspell_check_text()]
INFO:06/28/2020 09:33:29 AM:PeñaPossible typo with : Pesa[hunspell_client.py:97 - hunspell_check_text()]
INFO:06/28/2020 09:33:29 AM:Number of suggestions :1
[hunspell_client.py:92 - hunspell_check_text()]
INFO:06/28/2020 09:33:29 AM:Compound word : *
[hunspell_client.py:79 - hunspell_check_text()]
INFO:06/28/2020 09:33:29 AM:Compound word : + démenti
[hunspell_client.py:79 - hunspell_check_text()]
INFO:06/28/2020 09:33:29 AM:Compound word : *
[hunspell_client.py:79 - hunspell_check_text()]
INFO:06/28/2020 09:33:29 AM:Compound word : *
[hunspell_client.py:79 - hunspell_check_text()]
INFO:06/28/2020 09:33:29 AM:Compound word : + hacker
[hunspell_client.py:79 - hunspell_check_text()]
INFO:06/28/2020 09:33:29 AM:Compound word : + affirmer
[hunspell_client.py:79 - hunspell_check_text()]
INFO:06/28/2020 09:33:29 AM:Compound word : + avoir
[hunspell_client.py:79 - hunspell_check_text()]
INFO:06/28/2020 09:33:29 AM:Compound word : + fausser
[hunspell_client.py:79 - hunspell_check_text()]
INFO:06/28/2020 09:33:29 AM:Compound word : *
[hunspell_client.py:79 - hunspell_check_text()]
INFO:06/28/2020 09:33:29 AM:Compound word : + présidentielle
[hunspell_client.py:79 - hunspell_check_text()]
INFO:06/28/2020 09:33:29 AM:Compound word : *
[hunspell_client.py:79 - hunspell_check_text()]
INFO:06/28/2020 09:33:29 AM:Compound word : *
[hunspell_client.py:79 - hunspell_check_text()]
INFO:06/28/2020 09:33:29 AM:Number of suggestions :3
[hunspell_client.py:92 - hunspell_check_text()]
INFO:06/28/2020 09:33:29 AM:réagirLePossible typo with : réagir Le[hunspell_client.py:97 - hunspell_check_text()]
INFO:06/28/2020 09:33:29 AM:Compound word : + hacker
[hunspell_client.py:79 - hunspell_check_text()]
INFO:06/28/2020 09:33:29 AM:Number of suggestions :13
[hunspell_client.py:92 - hunspell_check_text()]
INFO:06/28/2020 09:33:29 AM:AndresPossible typo with : Andrew[hunspell_client.py:97 - hunspell_check_text()]
INFO:06/28/2020 09:33:29 AM:Number of suggestions :1
[hunspell_client.py:92 - hunspell_check_text()]
INFO:06/28/2020 09:33:29 AM:Compound word : + dit
[hunspell_client.py:79 - hunspell_check_text()]
INFO:06/28/2020 09:33:29 AM:Compound word : + avoir
[hunspell_client.py:79 - hunspell_check_text()]
INFO:06/28/2020 09:33:29 AM:Compound word : + espionner
[hunspell_client.py:79 - hunspell_check_text()]
INFO:06/28/2020 09:33:29 AM:Compound word : *
[hunspell_client.py:79 - hunspell_check_text()]
INFO:06/28/2020 09:33:29 AM:Compound word : + rivale
[hunspell_client.py:79 - hunspell_check_text()]
INFO:06/28/2020 09:33:29 AM:Compound word : *
[hunspell_client.py:79 - hunspell_check_text()]
INFO:06/28/2020 09:33:29 AM:Number of suggestions :6
[hunspell_client.py:92 - hunspell_check_text()]
INFO:06/28/2020 09:33:29 AM:l'actuelPossible typo with : l’actuel[hunspell_client.py:97 - hunspell_check_text()]
INFO:06/28/2020 09:33:29 AM:Compound word : + présidente
[hunspell_client.py:79 - hunspell_check_text()]
INFO:06/28/2020 09:33:29 AM:Compound word : + mexicaine
[hunspell_client.py:79 - hunspell_check_text()]
INFO:06/28/2020 09:33:29 AM:Compound word : *
[hunspell_client.py:79 - hunspell_check_text()]
INFO:06/28/2020 09:33:29 AM:Number of suggestions :2
[hunspell_client.py:92 - hunspell_check_text()]
INFO:06/28/2020 09:33:29 AM:PeñaPossible typo with : Pesa[hunspell_client.py:97 - hunspell_check_text()]
INFO:06/28/2020 09:33:29 AM:Number of suggestions :1
[hunspell_client.py:92 - hunspell_check_text()]
INFO:06/28/2020 09:33:29 AM:Compound word : *
[hunspell_client.py:79 - hunspell_check_text()]
INFO:06/28/2020 09:33:29 AM:Compound word : *
[hunspell_client.py:79 - hunspell_check_text()]
INFO:06/28/2020 09:33:29 AM:Compound word : *
[hunspell_client.py:79 - hunspell_check_text()]
INFO:06/28/2020 09:33:29 AM:Compound word : + présidentielle
[hunspell_client.py:79 - hunspell_check_text()]
INFO:06/28/2020 09:33:29 AM:Compound word : *
[hunspell_client.py:79 - hunspell_check_text()]
INFO:06/28/2020 09:33:29 AM:Compound word : + capture
[hunspell_client.py:79 - hunspell_check_text()]
INFO:06/28/2020 09:33:29 AM:Number of suggestions :8
[hunspell_client.py:92 - hunspell_check_text()]
INFO:06/28/2020 09:33:29 AM:d'écranPossible typo with : d’écran[hunspell_client.py:97 - hunspell_check_text()]
INFO:06/28/2020 09:33:29 AM:Number of suggestions :2
[hunspell_client.py:92 - hunspell_check_text()]
INFO:06/28/2020 09:33:29 AM:TwitterPossible typo with : Twister[hunspell_client.py:97 - hunspell_check_text()]
INFO:06/28/2020 09:33:29 AM:Compound word : *
[hunspell_client.py:79 - hunspell_check_text()]
INFO:06/28/2020 09:33:29 AM:Compound word : + révélation
[hunspell_client.py:79 - hunspell_check_text()]
INFO:06/28/2020 09:33:29 AM:Compound word : *
[hunspell_client.py:79 - hunspell_check_text()]
INFO:06/28/2020 09:33:29 AM:Compound word : + hacker
[hunspell_client.py:79 - hunspell_check_text()]
INFO:06/28/2020 09:33:29 AM:Compound word : + politique
[hunspell_client.py:79 - hunspell_check_text()]
INFO:06/28/2020 09:33:29 AM:Compound word : + colombienne
[hunspell_client.py:79 - hunspell_check_text()]
INFO:06/28/2020 09:33:29 AM:Number of suggestions :13
[hunspell_client.py:92 - hunspell_check_text()]
INFO:06/28/2020 09:33:29 AM:AndresPossible typo with : Andrew[hunspell_client.py:97 - hunspell_check_text()]
INFO:06/28/2020 09:33:29 AM:Number of suggestions :1
[hunspell_client.py:92 - hunspell_check_text()]
INFO:06/28/2020 09:33:29 AM:Compound word : + faire
[hunspell_client.py:79 - hunspell_check_text()]
INFO:06/28/2020 09:33:29 AM:Number of suggestions :6
[hunspell_client.py:92 - hunspell_check_text()]
INFO:06/28/2020 09:33:29 AM:l'effetPossible typo with : l’effet[hunspell_client.py:97 - hunspell_check_text()]
INFO:06/28/2020 09:33:29 AM:Number of suggestions :15
[hunspell_client.py:92 - hunspell_check_text()]
INFO:06/28/2020 09:33:29 AM:d'unePossible typo with : d’une[hunspell_client.py:97 - hunspell_check_text()]
INFO:06/28/2020 09:33:29 AM:Compound word : + bombe
[hunspell_client.py:79 - hunspell_check_text()]
INFO:06/28/2020 09:33:29 AM:Compound word : *
[hunspell_client.py:79 - hunspell_check_text()]
INFO:06/28/2020 09:33:29 AM:Compound word : + quelque
[hunspell_client.py:79 - hunspell_check_text()]
INFO:06/28/2020 09:33:29 AM:Compound word : + heure
[hunspell_client.py:79 - hunspell_check_text()]
INFO:06/28/2020 09:33:29 AM:Compound word : *
[hunspell_client.py:79 - hunspell_check_text()]
INFO:06/28/2020 09:33:29 AM:Compound word : *
[hunspell_client.py:79 - hunspell_check_text()]
INFO:06/28/2020 09:33:29 AM:Compound word : *
[hunspell_client.py:79 - hunspell_check_text()]
INFO:06/28/2020 09:33:29 AM:Compound word : *
[hunspell_client.py:79 - hunspell_check_text()]
INFO:06/28/2020 09:33:29 AM:Compound word : + urgence
[hunspell_client.py:79 - hunspell_check_text()]
INFO:06/28/2020 09:33:29 AM:Compound word : *
[hunspell_client.py:79 - hunspell_check_text()]
INFO:06/28/2020 09:33:29 AM:Compound word : + gouvernement
[hunspell_client.py:79 - hunspell_check_text()]
INFO:06/28/2020 09:33:29 AM:Compound word : *
[hunspell_client.py:79 - hunspell_check_text()]
INFO:06/28/2020 09:33:29 AM:Compound word : + présidente
[hunspell_client.py:79 - hunspell_check_text()]
INFO:06/28/2020 09:33:29 AM:Compound word : + mexicaine
[hunspell_client.py:79 - hunspell_check_text()]
INFO:06/28/2020 09:33:29 AM:Compound word : *
[hunspell_client.py:79 - hunspell_check_text()]
INFO:06/28/2020 09:33:29 AM:Number of suggestions :2
[hunspell_client.py:92 - hunspell_check_text()]
INFO:06/28/2020 09:33:29 AM:PeñaPossible typo with : Pesa[hunspell_client.py:97 - hunspell_check_text()]
INFO:06/28/2020 09:33:29 AM:Number of suggestions :1
[hunspell_client.py:92 - hunspell_check_text()]
INFO:06/28/2020 09:33:29 AM:Compound word : *
[hunspell_client.py:79 - hunspell_check_text()]
INFO:06/28/2020 09:33:29 AM:Compound word : + démenti
[hunspell_client.py:79 - hunspell_check_text()]
INFO:06/28/2020 09:33:29 AM:Compound word : *
[hunspell_client.py:79 - hunspell_check_text()]
INFO:06/28/2020 09:33:29 AM:Compound word : + soir
[hunspell_client.py:79 - hunspell_check_text()]
INFO:06/28/2020 09:33:29 AM:Compound word : + avoir
[hunspell_client.py:79 - hunspell_check_text()]
INFO:06/28/2020 09:33:29 AM:Compound word : + recruter
[hunspell_client.py:79 - hunspell_check_text()]
INFO:06/28/2020 09:33:29 AM:Compound word : *
[hunspell_client.py:79 - hunspell_check_text()]
INFO:06/28/2020 09:33:29 AM:Compound word : *
[hunspell_client.py:79 - hunspell_check_text()]
INFO:06/28/2020 09:33:29 AM:Compound word : *
[hunspell_client.py:79 - hunspell_check_text()]
INFO:06/28/2020 09:33:29 AM:Compound word : *
[hunspell_client.py:79 - hunspell_check_text()]
INFO:06/28/2020 09:33:29 AM:Compound word : *
[hunspell_client.py:79 - hunspell_check_text()]
INFO:06/28/2020 09:33:29 AM:Compound word : + espionner
[hunspell_client.py:79 - hunspell_check_text()]
INFO:06/28/2020 09:33:29 AM:Compound word : *
[hunspell_client.py:79 - hunspell_check_text()]
INFO:06/28/2020 09:33:29 AM:Compound word : + rivale
[hunspell_client.py:79 - hunspell_check_text()]
INFO:06/28/2020 09:33:29 AM:Compound word : *
[hunspell_client.py:79 - hunspell_check_text()]
INFO:06/28/2020 09:33:29 AM:Compound word : *
[hunspell_client.py:79 - hunspell_check_text()]
INFO:06/28/2020 09:33:29 AM:Compound word : *
[hunspell_client.py:79 - hunspell_check_text()]
INFO:06/28/2020 09:33:29 AM:Compound word : + campagne
[hunspell_client.py:79 - hunspell_check_text()]
INFO:06/28/2020 09:33:29 AM:Compound word : + présidentielle
[hunspell_client.py:79 - hunspell_check_text()]
INFO:06/28/2020 09:33:29 AM:Compound word : *
[hunspell_client.py:79 - hunspell_check_text()]
INFO:06/28/2020 09:33:29 AM:Compound word : *
[hunspell_client.py:79 - hunspell_check_text()]
INFO:06/28/2020 09:33:29 AM:Compound word : *
[hunspell_client.py:79 - hunspell_check_text()]
INFO:06/28/2020 09:33:29 AM:Number of suggestions :15
[hunspell_client.py:92 - hunspell_check_text()]
INFO:06/28/2020 09:33:29 AM:l'affirmePossible typo with : l’affirme[hunspell_client.py:97 - hunspell_check_text()]
INFO:06/28/2020 09:33:29 AM:Compound word : *
[hunspell_client.py:79 - hunspell_check_text()]
INFO:06/28/2020 09:33:29 AM:Compound word : + hacker
[hunspell_client.py:79 - hunspell_check_text()]
INFO:06/28/2020 09:33:29 AM:Compound word : + cité
[hunspell_client.py:79 - hunspell_check_text()]
INFO:06/28/2020 09:33:29 AM:Compound word : *
[hunspell_client.py:79 - hunspell_check_text()]
INFO:06/28/2020 09:33:29 AM:Number of suggestions :15
[hunspell_client.py:92 - hunspell_check_text()]
INFO:06/28/2020 09:33:29 AM:l'agencePossible typo with : l’agence[hunspell_client.py:97 - hunspell_check_text()]
INFO:06/28/2020 09:33:29 AM:Compound word : *
[hunspell_client.py:79 - hunspell_check_text()]
INFO:06/28/2020 09:33:29 AM:Compound word : + presse
[hunspell_client.py:79 - hunspell_check_text()]
INFO:06/28/2020 09:33:29 AM:Compound word : + américaine
[hunspell_client.py:79 - hunspell_check_text()]
INFO:06/28/2020 09:33:29 AM:Number of suggestions :2
[hunspell_client.py:92 - hunspell_check_text()]
INFO:06/28/2020 09:33:29 AM:Number of suggestions :13
[hunspell_client.py:92 - hunspell_check_text()]
INFO:06/28/2020 09:33:29 AM:AndresPossible typo with : Andrew[hunspell_client.py:97 - hunspell_check_text()]
INFO:06/28/2020 09:33:29 AM:Number of suggestions :1
[hunspell_client.py:92 - hunspell_check_text()]
INFO:06/28/2020 09:33:29 AM:Compound word : *
[hunspell_client.py:79 - hunspell_check_text()]
INFO:06/28/2020 09:33:29 AM:Compound word : + incarcérer
[hunspell_client.py:79 - hunspell_check_text()]
INFO:06/28/2020 09:33:29 AM:Compound word : *
[hunspell_client.py:79 - hunspell_check_text()]
INFO:06/28/2020 09:33:29 AM:Compound word : *
[hunspell_client.py:79 - hunspell_check_text()]
INFO:06/28/2020 09:33:29 AM:Compound word : *
[hunspell_client.py:79 - hunspell_check_text()]
INFO:06/28/2020 09:33:29 AM:Compound word : + avoir
[hunspell_client.py:79 - hunspell_check_text()]
INFO:06/28/2020 09:33:29 AM:Compound word : + mener
[hunspell_client.py:79 - hunspell_check_text()]
INFO:06/28/2020 09:33:29 AM:Compound word : *
[hunspell_client.py:79 - hunspell_check_text()]
INFO:06/28/2020 09:33:29 AM:Compound word : + action
[hunspell_client.py:79 - hunspell_check_text()]
INFO:06/28/2020 09:33:29 AM:Number of suggestions :8
[hunspell_client.py:92 - hunspell_check_text()]
INFO:06/28/2020 09:33:29 AM:d'espionnagePossible typo with : d’espionnage[hunspell_client.py:97 - hunspell_check_text()]
INFO:06/28/2020 09:33:29 AM:Compound word : + viser
[hunspell_client.py:79 - hunspell_check_text()]
INFO:06/28/2020 09:33:29 AM:Compound word : *
[hunspell_client.py:79 - hunspell_check_text()]
INFO:06/28/2020 09:33:29 AM:Compound word : + nuire
[hunspell_client.py:79 - hunspell_check_text()]
INFO:06/28/2020 09:33:29 AM:Compound word : *
[hunspell_client.py:79 - hunspell_check_text()]
INFO:06/28/2020 09:33:29 AM:Compound word : + dialogue
[hunspell_client.py:79 - hunspell_check_text()]
INFO:06/28/2020 09:33:29 AM:Compound word : *
[hunspell_client.py:79 - hunspell_check_text()]
INFO:06/28/2020 09:33:29 AM:Compound word : *
[hunspell_client.py:79 - hunspell_check_text()]
INFO:06/28/2020 09:33:29 AM:Compound word : *
[hunspell_client.py:79 - hunspell_check_text()]
INFO:06/28/2020 09:33:29 AM:Compound word : *
[hunspell_client.py:79 - hunspell_check_text()]
INFO:06/28/2020 09:33:29 AM:Compound word : + gouvernement
[hunspell_client.py:79 - hunspell_check_text()]
INFO:06/28/2020 09:33:29 AM:Compound word : + colombienne
[hunspell_client.py:79 - hunspell_check_text()]
INFO:06/28/2020 09:33:29 AM:Compound word : *
[hunspell_client.py:79 - hunspell_check_text()]
INFO:06/28/2020 09:33:29 AM:Compound word : *
[hunspell_client.py:79 - hunspell_check_text()]
INFO:06/28/2020 09:33:29 AM:Number of suggestions :1
[hunspell_client.py:92 - hunspell_check_text()]
INFO:06/28/2020 09:33:29 AM:guerillaPossible typo with : guérilla[hunspell_client.py:97 - hunspell_check_text()]
INFO:06/28/2020 09:33:29 AM:Compound word : *
[hunspell_client.py:79 - hunspell_check_text()]
INFO:06/28/2020 09:33:29 AM:Number of suggestions :14
[hunspell_client.py:92 - hunspell_check_text()]
INFO:06/28/2020 09:33:29 AM:Compound word : *
[hunspell_client.py:79 - hunspell_check_text()]
INFO:06/28/2020 09:33:29 AM:Compound word : *
[hunspell_client.py:79 - hunspell_check_text()]
INFO:06/28/2020 09:33:29 AM:Compound word : + confession
[hunspell_client.py:79 - hunspell_check_text()]
INFO:06/28/2020 09:33:29 AM:Compound word : *
[hunspell_client.py:79 - hunspell_check_text()]
INFO:06/28/2020 09:33:29 AM:Number of suggestions :2
[hunspell_client.py:92 - hunspell_check_text()]
INFO:06/28/2020 09:33:29 AM:Compound word : *
[hunspell_client.py:79 - hunspell_check_text()]
INFO:06/28/2020 09:33:29 AM:Compound word : + expliquer
[hunspell_client.py:79 - hunspell_check_text()]
INFO:06/28/2020 09:33:29 AM:Compound word : + avoir
[hunspell_client.py:79 - hunspell_check_text()]
INFO:06/28/2020 09:33:29 AM:Compound word : + travailler
[hunspell_client.py:79 - hunspell_check_text()]
INFO:06/28/2020 09:33:29 AM:Compound word : *
[hunspell_client.py:79 - hunspell_check_text()]
INFO:06/28/2020 09:33:29 AM:Compound word : *
[hunspell_client.py:79 - hunspell_check_text()]
INFO:06/28/2020 09:33:29 AM:Compound word : + année
[hunspell_client.py:79 - hunspell_check_text()]
INFO:06/28/2020 09:33:29 AM:Compound word : *
[hunspell_client.py:79 - hunspell_check_text()]
INFO:06/28/2020 09:33:29 AM:Compound word : *
[hunspell_client.py:79 - hunspell_check_text()]
INFO:06/28/2020 09:33:29 AM:Compound word : + ordre
[hunspell_client.py:79 - hunspell_check_text()]
INFO:06/28/2020 09:33:29 AM:Number of suggestions :15
[hunspell_client.py:92 - hunspell_check_text()]
INFO:06/28/2020 09:33:29 AM:d'unPossible typo with : d’un[hunspell_client.py:97 - hunspell_check_text()]
INFO:06/28/2020 09:33:29 AM:Compound word : + consultante
[hunspell_client.py:79 - hunspell_check_text()]
INFO:06/28/2020 09:33:29 AM:Compound word : + vénézuélienne
[hunspell_client.py:79 - hunspell_check_text()]
INFO:06/28/2020 09:33:29 AM:Compound word : *
[hunspell_client.py:79 - hunspell_check_text()]
INFO:06/28/2020 09:33:29 AM:Compound word : *
[hunspell_client.py:79 - hunspell_check_text()]
INFO:06/28/2020 09:33:29 AM:Number of suggestions :7
[hunspell_client.py:92 - hunspell_check_text()]
INFO:06/28/2020 09:33:29 AM:RendonPossible typo with : Tendon[hunspell_client.py:97 - hunspell_check_text()]
INFO:06/28/2020 09:33:29 AM:Compound word : *
[hunspell_client.py:79 - hunspell_check_text()]
INFO:06/28/2020 09:33:29 AM:Compound word : + mener
[hunspell_client.py:79 - hunspell_check_text()]
INFO:06/28/2020 09:33:29 AM:Compound word : + campagne
[hunspell_client.py:79 - hunspell_check_text()]
INFO:06/28/2020 09:33:29 AM:Compound word : *
[hunspell_client.py:79 - hunspell_check_text()]
INFO:06/28/2020 09:33:29 AM:Compound word : + faveur
[hunspell_client.py:79 - hunspell_check_text()]
INFO:06/28/2020 09:33:29 AM:Compound word : *
[hunspell_client.py:79 - hunspell_check_text()]
INFO:06/28/2020 09:33:29 AM:Compound word : + différente
[hunspell_client.py:79 - hunspell_check_text()]
INFO:06/28/2020 09:33:29 AM:Compound word : + parti
[hunspell_client.py:79 - hunspell_check_text()]
INFO:06/28/2020 09:33:29 AM:Compound word : + politique
[hunspell_client.py:79 - hunspell_check_text()]
INFO:06/28/2020 09:33:29 AM:Compound word : + conservatrice
[hunspell_client.py:79 - hunspell_check_text()]
INFO:06/28/2020 09:33:29 AM:Compound word : *
[hunspell_client.py:79 - hunspell_check_text()]
INFO:06/28/2020 09:33:29 AM:Compound word : *
[hunspell_client.py:79 - hunspell_check_text()]
INFO:06/28/2020 09:33:29 AM:Compound word : *
[hunspell_client.py:79 - hunspell_check_text()]
INFO:06/28/2020 09:33:29 AM:Number of suggestions :7
[hunspell_client.py:92 - hunspell_check_text()]
INFO:06/28/2020 09:33:29 AM:Compound word : + latine
[hunspell_client.py:79 - hunspell_check_text()]
INFO:06/28/2020 09:33:29 AM:Compound word : *
[hunspell_client.py:79 - hunspell_check_text()]
INFO:06/28/2020 09:33:29 AM:Compound word : *
[hunspell_client.py:79 - hunspell_check_text()]
INFO:06/28/2020 09:33:29 AM:Compound word : *
[hunspell_client.py:79 - hunspell_check_text()]
INFO:06/28/2020 09:33:29 AM:Compound word : *
[hunspell_client.py:79 - hunspell_check_text()]
INFO:06/28/2020 09:33:29 AM:Compound word : *
[hunspell_client.py:79 - hunspell_check_text()]
INFO:06/28/2020 09:33:29 AM:Number of suggestions :10
[hunspell_client.py:92 - hunspell_check_text()]
INFO:06/28/2020 09:33:29 AM:Compound word : *
[hunspell_client.py:79 - hunspell_check_text()]
INFO:06/28/2020 09:33:29 AM:Number of suggestions :7
[hunspell_client.py:92 - hunspell_check_text()]
INFO:06/28/2020 09:33:29 AM:RendonPossible typo with : Tendon[hunspell_client.py:97 - hunspell_check_text()]
INFO:06/28/2020 09:33:29 AM:Compound word : *
[hunspell_client.py:79 - hunspell_check_text()]
INFO:06/28/2020 09:33:29 AM:Compound word : + toucher
[hunspell_client.py:79 - hunspell_check_text()]
INFO:06/28/2020 09:33:29 AM:Compound word : *
[hunspell_client.py:79 - hunspell_check_text()]
INFO:06/28/2020 09:33:29 AM:Compound word : *
[hunspell_client.py:79 - hunspell_check_text()]
INFO:06/28/2020 09:33:29 AM:Compound word : + campagne
[hunspell_client.py:79 - hunspell_check_text()]
INFO:06/28/2020 09:33:29 AM:Compound word : + présidentielle
[hunspell_client.py:79 - hunspell_check_text()]
INFO:06/28/2020 09:33:29 AM:Compound word : *
[hunspell_client.py:79 - hunspell_check_text()]
INFO:06/28/2020 09:33:29 AM:Compound word : *
[hunspell_client.py:79 - hunspell_check_text()]
INFO:06/28/2020 09:33:29 AM:Compound word : *
[hunspell_client.py:79 - hunspell_check_text()]
INFO:06/28/2020 09:33:29 AM:Compound word : + dollar
[hunspell_client.py:79 - hunspell_check_text()]
INFO:06/28/2020 09:33:29 AM:Compound word : *
[hunspell_client.py:79 - hunspell_check_text()]
INFO:06/28/2020 09:33:29 AM:Compound word : + parti
[hunspell_client.py:79 - hunspell_check_text()]
INFO:06/28/2020 09:33:29 AM:Compound word : + révolutionnaire
[hunspell_client.py:79 - hunspell_check_text()]
INFO:06/28/2020 09:33:29 AM:Compound word : + institutionnelle
[hunspell_client.py:79 - hunspell_check_text()]
INFO:06/28/2020 09:33:29 AM:Number of suggestions :15
[hunspell_client.py:92 - hunspell_check_text()]
INFO:06/28/2020 09:33:29 AM:PRIPossible typo with : PRO[hunspell_client.py:97 - hunspell_check_text()]
INFO:06/28/2020 09:33:29 AM:Compound word : *
[hunspell_client.py:79 - hunspell_check_text()]
INFO:06/28/2020 09:33:29 AM:Number of suggestions :2
[hunspell_client.py:92 - hunspell_check_text()]
INFO:06/28/2020 09:33:29 AM:PeñaPossible typo with : Pesa[hunspell_client.py:97 - hunspell_check_text()]
INFO:06/28/2020 09:33:29 AM:Number of suggestions :1
[hunspell_client.py:92 - hunspell_check_text()]
INFO:06/28/2020 09:33:29 AM:Compound word : *
[hunspell_client.py:79 - hunspell_check_text()]
INFO:06/28/2020 09:33:29 AM:Compound word : + diffuser
[hunspell_client.py:79 - hunspell_check_text()]
INFO:06/28/2020 09:33:29 AM:Compound word : *
[hunspell_client.py:79 - hunspell_check_text()]
INFO:06/28/2020 09:33:29 AM:Compound word : + fausser
[hunspell_client.py:79 - hunspell_check_text()]
INFO:06/28/2020 09:33:29 AM:Compound word : + rumeur
[hunspell_client.py:79 - hunspell_check_text()]
INFO:06/28/2020 09:33:29 AM:Compound word : *
[hunspell_client.py:79 - hunspell_check_text()]
INFO:06/28/2020 09:33:29 AM:Number of suggestions :2
[hunspell_client.py:92 - hunspell_check_text()]
INFO:06/28/2020 09:33:29 AM:TwitterPossible typo with : Twister[hunspell_client.py:97 - hunspell_check_text()]
INFO:06/28/2020 09:33:29 AM:Compound word : *
[hunspell_client.py:79 - hunspell_check_text()]
INFO:06/28/2020 09:33:29 AM:Compound word : + espionner
[hunspell_client.py:79 - hunspell_check_text()]
INFO:06/28/2020 09:33:29 AM:Compound word : *
[hunspell_client.py:79 - hunspell_check_text()]
INFO:06/28/2020 09:33:29 AM:Compound word : + téléphone
[hunspell_client.py:79 - hunspell_check_text()]
INFO:06/28/2020 09:33:29 AM:Compound word : *
[hunspell_client.py:79 - hunspell_check_text()]
INFO:06/28/2020 09:33:29 AM:Compound word : *
[hunspell_client.py:79 - hunspell_check_text()]
INFO:06/28/2020 09:33:29 AM:Compound word : + courrière
[hunspell_client.py:79 - hunspell_check_text()]
INFO:06/28/2020 09:33:29 AM:Compound word : *
[hunspell_client.py:79 - hunspell_check_text()]
INFO:06/28/2020 09:33:29 AM:Compound word : + candidate
[hunspell_client.py:79 - hunspell_check_text()]
INFO:06/28/2020 09:33:29 AM:Compound word : *
[hunspell_client.py:79 - hunspell_check_text()]
INFO:06/28/2020 09:33:29 AM:Number of suggestions :7
[hunspell_client.py:92 - hunspell_check_text()]
INFO:06/28/2020 09:33:29 AM:l'oppositionPossible typo with : l’opposition[hunspell_client.py:97 - hunspell_check_text()]
INFO:06/28/2020 09:33:29 AM:Compound word : *
[hunspell_client.py:79 - hunspell_check_text()]
INFO:06/28/2020 09:33:29 AM:Number of suggestions :13
[hunspell_client.py:92 - hunspell_check_text()]
INFO:06/28/2020 09:33:29 AM:LopezPossible typo with : Nopez[hunspell_client.py:97 - hunspell_check_text()]
INFO:06/28/2020 09:33:29 AM:Number of suggestions :1
[hunspell_client.py:92 - hunspell_check_text()]
INFO:06/28/2020 09:33:29 AM:Compound word : *
[hunspell_client.py:79 - hunspell_check_text()]
INFO:06/28/2020 09:33:29 AM:Number of suggestions :1
[hunspell_client.py:92 - hunspell_check_text()]
INFO:06/28/2020 09:33:29 AM:Number of suggestions :2
[hunspell_client.py:92 - hunspell_check_text()]
INFO:06/28/2020 09:33:29 AM:VazquezPossible typo with : Vaquez[hunspell_client.py:97 - hunspell_check_text()]
INFO:06/28/2020 09:33:29 AM:Number of suggestions :15
[hunspell_client.py:92 - hunspell_check_text()]
INFO:06/28/2020 09:33:29 AM:MotaPossible typo with : Mona[hunspell_client.py:97 - hunspell_check_text()]
INFO:06/28/2020 09:33:29 AM:Compound word : *
[hunspell_client.py:79 - hunspell_check_text()]
INFO:06/28/2020 09:33:29 AM:Compound word : *
[hunspell_client.py:79 - hunspell_check_text()]
INFO:06/28/2020 09:33:29 AM:Compound word : *
[hunspell_client.py:79 - hunspell_check_text()]
INFO:06/28/2020 09:33:29 AM:Compound word : + staff
[hunspell_client.py:79 - hunspell_check_text()]
INFO:06/28/2020 09:33:29 AM:Compound word : *
[hunspell_client.py:79 - hunspell_check_text()]
INFO:06/28/2020 09:33:29 AM:Compound word : + campagne
[hunspell_client.py:79 - hunspell_check_text()]
INFO:06/28/2020 09:33:29 AM:Compound word : *
[hunspell_client.py:79 - hunspell_check_text()]
INFO:06/28/2020 09:33:29 AM:Number of suggestions :15
[hunspell_client.py:92 - hunspell_check_text()]
INFO:06/28/2020 09:33:29 AM:PRIPossible typo with : PRO[hunspell_client.py:97 - hunspell_check_text()]
INFO:06/28/2020 09:33:29 AM:Compound word : *
[hunspell_client.py:79 - hunspell_check_text()]
INFO:06/28/2020 09:33:29 AM:Compound word : *
[hunspell_client.py:79 - hunspell_check_text()]
INFO:06/28/2020 09:33:29 AM:Compound word : + emporter
[hunspell_client.py:79 - hunspell_check_text()]
INFO:06/28/2020 09:33:29 AM:Number of suggestions :9
[hunspell_client.py:92 - hunspell_check_text()]
INFO:06/28/2020 09:33:29 AM:l'électionPossible typo with : l’élection[hunspell_client.py:97 - hunspell_check_text()]
INFO:06/28/2020 09:33:29 AM:Compound word : *
[hunspell_client.py:79 - hunspell_check_text()]
INFO:06/28/2020 09:33:29 AM:Compound word : *
[hunspell_client.py:79 - hunspell_check_text()]
INFO:06/28/2020 09:33:29 AM:Compound word : + année
[hunspell_client.py:79 - hunspell_check_text()]
INFO:06/28/2020 09:33:29 AM:Compound word : *
[hunspell_client.py:79 - hunspell_check_text()]
INFO:06/28/2020 09:33:29 AM:Number of suggestions :7
[hunspell_client.py:92 - hunspell_check_text()]
INFO:06/28/2020 09:33:29 AM:Compound word : *
[hunspell_client.py:79 - hunspell_check_text()]
INFO:06/28/2020 09:33:29 AM:Number of suggestions :2
[hunspell_client.py:92 - hunspell_check_text()]
INFO:06/28/2020 09:33:29 AM:Compound word : *
[hunspell_client.py:79 - hunspell_check_text()]
INFO:06/28/2020 09:33:29 AM:Compound word : + carrière
[hunspell_client.py:79 - hunspell_check_text()]
INFO:06/28/2020 09:33:29 AM:Compound word : *
[hunspell_client.py:79 - hunspell_check_text()]
INFO:06/28/2020 09:33:29 AM:Compound word : + hacker
[hunspell_client.py:79 - hunspell_check_text()]
INFO:06/28/2020 09:33:29 AM:Compound word : *
[hunspell_client.py:79 - hunspell_check_text()]
INFO:06/28/2020 09:33:29 AM:Compound word : + commencer
[hunspell_client.py:79 - hunspell_check_text()]
INFO:06/28/2020 09:33:29 AM:Compound word : *
[hunspell_client.py:79 - hunspell_check_text()]
INFO:06/28/2020 09:33:29 AM:Compound word : *
[hunspell_client.py:79 - hunspell_check_text()]
INFO:06/28/2020 09:33:29 AM:Compound word : *
[hunspell_client.py:79 - hunspell_check_text()]
INFO:06/28/2020 09:33:29 AM:Compound word : *
[hunspell_client.py:79 - hunspell_check_text()]
INFO:06/28/2020 09:33:29 AM:Compound word : + piratage
[hunspell_client.py:79 - hunspell_check_text()]
INFO:06/28/2020 09:33:29 AM:Compound word : *
[hunspell_client.py:79 - hunspell_check_text()]
INFO:06/28/2020 09:33:29 AM:Compound word : + site
[hunspell_client.py:79 - hunspell_check_text()]
INFO:06/28/2020 09:33:29 AM:Compound word : *
[hunspell_client.py:79 - hunspell_check_text()]
INFO:06/28/2020 09:33:29 AM:Compound word : *
[hunspell_client.py:79 - hunspell_check_text()]
INFO:06/28/2020 09:33:29 AM:Compound word : + différente
[hunspell_client.py:79 - hunspell_check_text()]
INFO:06/28/2020 09:33:29 AM:Compound word : + candidate
[hunspell_client.py:79 - hunspell_check_text()]
INFO:06/28/2020 09:33:29 AM:Compound word : *
[hunspell_client.py:79 - hunspell_check_text()]
INFO:06/28/2020 09:33:29 AM:Compound word : *
[hunspell_client.py:79 - hunspell_check_text()]
INFO:06/28/2020 09:33:29 AM:Compound word : + élection
[hunspell_client.py:79 - hunspell_check_text()]
INFO:06/28/2020 09:33:29 AM:Compound word : *
[hunspell_client.py:79 - hunspell_check_text()]
INFO:06/28/2020 09:33:29 AM:Compound word : + vol
[hunspell_client.py:79 - hunspell_check_text()]
INFO:06/28/2020 09:33:29 AM:Compound word : *
[hunspell_client.py:79 - hunspell_check_text()]
INFO:06/28/2020 09:33:29 AM:Compound word : + donnée
[hunspell_client.py:79 - hunspell_check_text()]
INFO:06/28/2020 09:33:29 AM:Compound word : *
[hunspell_client.py:79 - hunspell_check_text()]
INFO:06/28/2020 09:33:29 AM:Number of suggestions :6
[hunspell_client.py:92 - hunspell_check_text()]
INFO:06/28/2020 09:33:29 AM:Compound word : *
[hunspell_client.py:79 - hunspell_check_text()]
INFO:06/28/2020 09:33:29 AM:Compound word : + fil
[hunspell_client.py:79 - hunspell_check_text()]
INFO:06/28/2020 09:33:29 AM:Compound word : *
[hunspell_client.py:79 - hunspell_check_text()]
INFO:06/28/2020 09:33:29 AM:Compound word : + année
[hunspell_client.py:79 - hunspell_check_text()]
INFO:06/28/2020 09:33:29 AM:Compound word : *
[hunspell_client.py:79 - hunspell_check_text()]
INFO:06/28/2020 09:33:29 AM:Compound word : + véritable
[hunspell_client.py:79 - hunspell_check_text()]
INFO:06/28/2020 09:33:29 AM:Compound word : + équipe
[hunspell_client.py:79 - hunspell_check_text()]
INFO:06/28/2020 09:33:29 AM:Compound word : *
[hunspell_client.py:79 - hunspell_check_text()]
INFO:06/28/2020 09:33:29 AM:Compound word : + hacker
[hunspell_client.py:79 - hunspell_check_text()]
INFO:06/28/2020 09:33:29 AM:Compound word : *
[hunspell_client.py:79 - hunspell_check_text()]
INFO:06/28/2020 09:33:29 AM:Compound word : + été
[hunspell_client.py:79 - hunspell_check_text()]
INFO:06/28/2020 09:33:29 AM:Compound word : + constituer
[hunspell_client.py:79 - hunspell_check_text()]
INFO:06/28/2020 09:33:29 AM:Compound word : *
[hunspell_client.py:79 - hunspell_check_text()]
INFO:06/28/2020 09:33:29 AM:Compound word : *
[hunspell_client.py:79 - hunspell_check_text()]
INFO:06/28/2020 09:33:29 AM:Compound word : + genre
[hunspell_client.py:79 - hunspell_check_text()]
INFO:06/28/2020 09:33:29 AM:Number of suggestions :8
[hunspell_client.py:92 - hunspell_check_text()]
INFO:06/28/2020 09:33:29 AM:d'espionnagePossible typo with : d’espionnage[hunspell_client.py:97 - hunspell_check_text()]
INFO:06/28/2020 09:33:29 AM:Compound word : *
[hunspell_client.py:79 - hunspell_check_text()]
INFO:06/28/2020 09:33:29 AM:Compound word : *
[hunspell_client.py:79 - hunspell_check_text()]
INFO:06/28/2020 09:33:29 AM:Compound word : + service
[hunspell_client.py:79 - hunspell_check_text()]
INFO:06/28/2020 09:33:29 AM:Compound word : + étayer
[hunspell_client.py:79 - hunspell_check_text()]
INFO:06/28/2020 09:33:29 AM:Compound word : + monnayer
[hunspell_client.py:79 - hunspell_check_text()]
INFO:06/28/2020 09:33:29 AM:Compound word : *
[hunspell_client.py:79 - hunspell_check_text()]
INFO:06/28/2020 09:33:29 AM:Compound word : *
[hunspell_client.py:79 - hunspell_check_text()]
INFO:06/28/2020 09:33:29 AM:Compound word : *
[hunspell_client.py:79 - hunspell_check_text()]
INFO:06/28/2020 09:33:29 AM:Number of suggestions :13
[hunspell_client.py:92 - hunspell_check_text()]
INFO:06/28/2020 09:33:29 AM:AndresPossible typo with : Andrew[hunspell_client.py:97 - hunspell_check_text()]
INFO:06/28/2020 09:33:29 AM:Number of suggestions :1
[hunspell_client.py:92 - hunspell_check_text()]
INFO:06/28/2020 09:33:29 AM:Compound word : + indiquer
[hunspell_client.py:79 - hunspell_check_text()]
INFO:06/28/2020 09:33:29 AM:Compound word : *
[hunspell_client.py:79 - hunspell_check_text()]
INFO:06/28/2020 09:33:29 AM:Number of suggestions :2
[hunspell_client.py:92 - hunspell_check_text()]
INFO:06/28/2020 09:33:29 AM:Compound word : + avoir
[hunspell_client.py:79 - hunspell_check_text()]
INFO:06/28/2020 09:33:29 AM:Compound word : + mener
[hunspell_client.py:79 - hunspell_check_text()]
INFO:06/28/2020 09:33:29 AM:Compound word : *
[hunspell_client.py:79 - hunspell_check_text()]
INFO:06/28/2020 09:33:29 AM:Compound word : *
[hunspell_client.py:79 - hunspell_check_text()]
INFO:06/28/2020 09:33:29 AM:Compound word : + campagne
[hunspell_client.py:79 - hunspell_check_text()]
INFO:06/28/2020 09:33:29 AM:Compound word : + sale
[hunspell_client.py:79 - hunspell_check_text()]
INFO:06/28/2020 09:33:29 AM:Compound word : *
[hunspell_client.py:79 - hunspell_check_text()]
INFO:06/28/2020 09:33:29 AM:Compound word : *
[hunspell_client.py:79 - hunspell_check_text()]
INFO:06/28/2020 09:33:29 AM:Compound word : + parti
[hunspell_client.py:79 - hunspell_check_text()]
INFO:06/28/2020 09:33:29 AM:Compound word : + conservatrice
[hunspell_client.py:79 - hunspell_check_text()]
INFO:06/28/2020 09:33:29 AM:Compound word : *
[hunspell_client.py:79 - hunspell_check_text()]
INFO:06/28/2020 09:33:29 AM:Compound word : *
[hunspell_client.py:79 - hunspell_check_text()]
INFO:06/28/2020 09:33:29 AM:Compound word : + élection
[hunspell_client.py:79 - hunspell_check_text()]
INFO:06/28/2020 09:33:29 AM:Compound word : + présidentielle
[hunspell_client.py:79 - hunspell_check_text()]
INFO:06/28/2020 09:33:29 AM:Compound word : *
[hunspell_client.py:79 - hunspell_check_text()]
INFO:06/28/2020 09:33:29 AM:Compound word : + nombreuse
[hunspell_client.py:79 - hunspell_check_text()]
INFO:06/28/2020 09:33:29 AM:Compound word : *
[hunspell_client.py:79 - hunspell_check_text()]
INFO:06/28/2020 09:33:29 AM:Number of suggestions :7
[hunspell_client.py:92 - hunspell_check_text()]
INFO:06/28/2020 09:33:29 AM:Compound word : + latine
[hunspell_client.py:79 - hunspell_check_text()]
INFO:06/28/2020 09:33:29 AM:Compound word : *
[hunspell_client.py:79 - hunspell_check_text()]
INFO:06/28/2020 09:33:29 AM:Compound word : + panama
[hunspell_client.py:79 - hunspell_check_text()]
INFO:06/28/2020 09:33:29 AM:Compound word : *
[hunspell_client.py:79 - hunspell_check_text()]
INFO:06/28/2020 09:33:29 AM:Compound word : *
[hunspell_client.py:79 - hunspell_check_text()]
INFO:06/28/2020 09:33:29 AM:Compound word : *
[hunspell_client.py:79 - hunspell_check_text()]
INFO:06/28/2020 09:33:29 AM:Compound word : *
[hunspell_client.py:79 - hunspell_check_text()]
INFO:06/28/2020 09:33:29 AM:Compound word : *
[hunspell_client.py:79 - hunspell_check_text()]
INFO:06/28/2020 09:33:29 AM:Compound word : *
[hunspell_client.py:79 - hunspell_check_text()]
INFO:06/28/2020 09:33:29 AM:Compound word : *
[hunspell_client.py:79 - hunspell_check_text()]
INFO:06/28/2020 09:33:29 AM:Compound word : *
[hunspell_client.py:79 - hunspell_check_text()]
INFO:06/28/2020 09:33:29 AM:Compound word : *
[hunspell_client.py:79 - hunspell_check_text()]
INFO:06/28/2020 09:33:29 AM:Compound word : *
[hunspell_client.py:79 - hunspell_check_text()]
INFO:06/28/2020 09:33:29 AM:Compound word : *
[hunspell_client.py:79 - hunspell_check_text()]
INFO:06/28/2020 09:33:29 AM:Compound word : + opération
[hunspell_client.py:79 - hunspell_check_text()]
INFO:06/28/2020 09:33:29 AM:Compound word : *
[hunspell_client.py:79 - hunspell_check_text()]
INFO:06/28/2020 09:33:29 AM:Compound word : + hacker
[hunspell_client.py:79 - hunspell_check_text()]
INFO:06/28/2020 09:33:29 AM:Number of suggestions :6
[hunspell_client.py:92 - hunspell_check_text()]
INFO:06/28/2020 09:33:29 AM:n'ontPossible typo with : n’ont[hunspell_client.py:97 - hunspell_check_text()]
INFO:06/28/2020 09:33:29 AM:Compound word : *
[hunspell_client.py:79 - hunspell_check_text()]
INFO:06/28/2020 09:33:29 AM:Compound word : *
[hunspell_client.py:79 - hunspell_check_text()]
INFO:06/28/2020 09:33:29 AM:Compound word : + été
[hunspell_client.py:79 - hunspell_check_text()]
INFO:06/28/2020 09:33:29 AM:Compound word : + synonyme
[hunspell_client.py:79 - hunspell_check_text()]
INFO:06/28/2020 09:33:29 AM:Compound word : *
[hunspell_client.py:79 - hunspell_check_text()]
INFO:06/28/2020 09:33:29 AM:Compound word : + victoire
[hunspell_client.py:79 - hunspell_check_text()]
INFO:06/28/2020 09:33:29 AM:Compound word : *
[hunspell_client.py:79 - hunspell_check_text()]
INFO:06/28/2020 09:33:29 AM:Compound word : *
[hunspell_client.py:79 - hunspell_check_text()]
INFO:06/28/2020 09:33:29 AM:Compound word : + cliente
[hunspell_client.py:79 - hunspell_check_text()]
INFO:06/28/2020 09:33:29 AM:Number of suggestions :13
[hunspell_client.py:92 - hunspell_check_text()]
INFO:06/28/2020 09:33:29 AM:AndresPossible typo with : Andrew[hunspell_client.py:97 - hunspell_check_text()]
INFO:06/28/2020 09:33:29 AM:Number of suggestions :1
[hunspell_client.py:92 - hunspell_check_text()]
INFO:06/28/2020 09:33:29 AM:Compound word : + mettre
[hunspell_client.py:79 - hunspell_check_text()]
INFO:06/28/2020 09:33:29 AM:Compound word : *
[hunspell_client.py:79 - hunspell_check_text()]
INFO:06/28/2020 09:33:29 AM:Compound word : *
[hunspell_client.py:79 - hunspell_check_text()]
INFO:06/28/2020 09:33:29 AM:Compound word : *
[hunspell_client.py:79 - hunspell_check_text()]
INFO:06/28/2020 09:33:29 AM:Compound word : + grande
[hunspell_client.py:79 - hunspell_check_text()]
INFO:06/28/2020 09:33:29 AM:Compound word : + nombre
[hunspell_client.py:79 - hunspell_check_text()]
INFO:06/28/2020 09:33:29 AM:Compound word : *
[hunspell_client.py:79 - hunspell_check_text()]
INFO:06/28/2020 09:33:29 AM:Compound word : *
[hunspell_client.py:79 - hunspell_check_text()]
INFO:06/28/2020 09:33:29 AM:Compound word : *
[hunspell_client.py:79 - hunspell_check_text()]
INFO:06/28/2020 09:33:29 AM:Compound word : *
[hunspell_client.py:79 - hunspell_check_text()]
INFO:06/28/2020 09:33:29 AM:Compound word : + targuer
[hunspell_client.py:79 - hunspell_check_text()]
INFO:06/28/2020 09:33:29 AM:Number of suggestions :10
[hunspell_client.py:92 - hunspell_check_text()]
INFO:06/28/2020 09:33:29 AM:d'avoirPossible typo with : d’avoir[hunspell_client.py:97 - hunspell_check_text()]
INFO:06/28/2020 09:33:29 AM:Compound word : + changer
[hunspell_client.py:79 - hunspell_check_text()]
INFO:06/28/2020 09:33:29 AM:Compound word : *
[hunspell_client.py:79 - hunspell_check_text()]
INFO:06/28/2020 09:33:29 AM:Compound word : *
[hunspell_client.py:79 - hunspell_check_text()]
INFO:06/28/2020 09:33:29 AM:Compound word : + politique
[hunspell_client.py:79 - hunspell_check_text()]
INFO:06/28/2020 09:33:29 AM:Compound word : *
[hunspell_client.py:79 - hunspell_check_text()]
INFO:06/28/2020 09:33:29 AM:Number of suggestions :6
[hunspell_client.py:92 - hunspell_check_text()]
INFO:06/28/2020 09:33:29 AM:Compound word : + latine
[hunspell_client.py:79 - hunspell_check_text()]
INFO:06/28/2020 09:33:29 AM:Compound word : + moderne
[hunspell_client.py:79 - hunspell_check_text()]
INFO:06/28/2020 09:33:29 AM:Compound word : *
[hunspell_client.py:79 - hunspell_check_text()]
INFO:06/28/2020 09:33:29 AM:Compound word : + travail
[hunspell_client.py:79 - hunspell_check_text()]
INFO:06/28/2020 09:33:29 AM:Compound word : + consister
[hunspell_client.py:79 - hunspell_check_text()]
INFO:06/28/2020 09:33:29 AM:Compound word : *
[hunspell_client.py:79 - hunspell_check_text()]
INFO:06/28/2020 09:33:29 AM:Compound word : + rendre
[hunspell_client.py:79 - hunspell_check_text()]
INFO:06/28/2020 09:33:29 AM:Compound word : + public
[hunspell_client.py:79 - hunspell_check_text()]
INFO:06/28/2020 09:33:29 AM:Compound word : *
[hunspell_client.py:79 - hunspell_check_text()]
INFO:06/28/2020 09:33:29 AM:Compound word : + action
[hunspell_client.py:79 - hunspell_check_text()]
INFO:06/28/2020 09:33:29 AM:Compound word : + sale
[hunspell_client.py:79 - hunspell_check_text()]
INFO:06/28/2020 09:33:29 AM:Compound word : *
[hunspell_client.py:79 - hunspell_check_text()]
INFO:06/28/2020 09:33:29 AM:Compound word : + candidate
[hunspell_client.py:79 - hunspell_check_text()]
INFO:06/28/2020 09:33:29 AM:Compound word : *
[hunspell_client.py:79 - hunspell_check_text()]
INFO:06/28/2020 09:33:29 AM:Compound word : + mener
[hunspell_client.py:79 - hunspell_check_text()]
INFO:06/28/2020 09:33:29 AM:Compound word : *
[hunspell_client.py:79 - hunspell_check_text()]
INFO:06/28/2020 09:33:29 AM:Compound word : + opération
[hunspell_client.py:79 - hunspell_check_text()]
INFO:06/28/2020 09:33:29 AM:Compound word : + psychologique
[hunspell_client.py:79 - hunspell_check_text()]
INFO:06/28/2020 09:33:29 AM:Compound word : *
[hunspell_client.py:79 - hunspell_check_text()]
INFO:06/28/2020 09:33:29 AM:Compound word : *
[hunspell_client.py:79 - hunspell_check_text()]
INFO:06/28/2020 09:33:29 AM:Compound word : + propagande
[hunspell_client.py:79 - hunspell_check_text()]
INFO:06/28/2020 09:33:29 AM:Compound word : + noire
[hunspell_client.py:79 - hunspell_check_text()]
INFO:06/28/2020 09:33:29 AM:Compound word : *
[hunspell_client.py:79 - hunspell_check_text()]
INFO:06/28/2020 09:33:29 AM:Compound word : + lancer
[hunspell_client.py:79 - hunspell_check_text()]
INFO:06/28/2020 09:33:29 AM:Compound word : *
[hunspell_client.py:79 - hunspell_check_text()]
INFO:06/28/2020 09:33:29 AM:Compound word : + rumeur
[hunspell_client.py:79 - hunspell_check_text()]
INFO:06/28/2020 09:33:29 AM:Compound word : *
[hunspell_client.py:79 - hunspell_check_text()]
INFO:06/28/2020 09:33:29 AM:Compound word : *
[hunspell_client.py:79 - hunspell_check_text()]
INFO:06/28/2020 09:33:29 AM:Compound word : *
[hunspell_client.py:79 - hunspell_check_text()]
INFO:06/28/2020 09:33:29 AM:Compound word : + côté
[hunspell_client.py:79 - hunspell_check_text()]
INFO:06/28/2020 09:33:29 AM:Compound word : + sombre
[hunspell_client.py:79 - hunspell_check_text()]
INFO:06/28/2020 09:33:29 AM:Compound word : *
[hunspell_client.py:79 - hunspell_check_text()]
INFO:06/28/2020 09:33:29 AM:Compound word : *
[hunspell_client.py:79 - hunspell_check_text()]
INFO:06/28/2020 09:33:29 AM:Compound word : + politique
[hunspell_client.py:79 - hunspell_check_text()]
INFO:06/28/2020 09:33:29 AM:Compound word : *
[hunspell_client.py:79 - hunspell_check_text()]
INFO:06/28/2020 09:33:29 AM:Compound word : *
[hunspell_client.py:79 - hunspell_check_text()]
INFO:06/28/2020 09:33:29 AM:Number of suggestions :11
[hunspell_client.py:92 - hunspell_check_text()]
INFO:06/28/2020 09:33:29 AM:Compound word : *
[hunspell_client.py:79 - hunspell_check_text()]
INFO:06/28/2020 09:33:29 AM:Compound word : + enquête
[hunspell_client.py:79 - hunspell_check_text()]
INFO:06/28/2020 09:33:29 AM:Compound word : + réclamer
[hunspell_client.py:79 - hunspell_check_text()]
INFO:06/28/2020 09:33:29 AM:Compound word : *
[hunspell_client.py:79 - hunspell_check_text()]
INFO:06/28/2020 09:33:29 AM:Compound word : + gouvernement
[hunspell_client.py:79 - hunspell_check_text()]
INFO:06/28/2020 09:33:29 AM:Compound word : + mexicaine
[hunspell_client.py:79 - hunspell_check_text()]
INFO:06/28/2020 09:33:29 AM:Compound word : *
[hunspell_client.py:79 - hunspell_check_text()]
INFO:06/28/2020 09:33:29 AM:Compound word : *
[hunspell_client.py:79 - hunspell_check_text()]
INFO:06/28/2020 09:33:29 AM:Compound word : + réagir
[hunspell_client.py:79 - hunspell_check_text()]
INFO:06/28/2020 09:33:29 AM:Compound word : + nier
[hunspell_client.py:79 - hunspell_check_text()]
INFO:06/28/2020 09:33:29 AM:Number of suggestions :5
[hunspell_client.py:92 - hunspell_check_text()]
INFO:06/28/2020 09:33:29 AM:l'existencePossible typo with : l’existence[hunspell_client.py:97 - hunspell_check_text()]
INFO:06/28/2020 09:33:29 AM:Number of suggestions :15
[hunspell_client.py:92 - hunspell_check_text()]
INFO:06/28/2020 09:33:29 AM:d'unePossible typo with : d’une[hunspell_client.py:97 - hunspell_check_text()]
INFO:06/28/2020 09:33:29 AM:Compound word : + quelconque
[hunspell_client.py:79 - hunspell_check_text()]
INFO:06/28/2020 09:33:29 AM:Compound word : + relation
[hunspell_client.py:79 - hunspell_check_text()]
INFO:06/28/2020 09:33:29 AM:Compound word : *
[hunspell_client.py:79 - hunspell_check_text()]
INFO:06/28/2020 09:33:29 AM:Number of suggestions :15
[hunspell_client.py:92 - hunspell_check_text()]
INFO:06/28/2020 09:33:29 AM:l'équipePossible typo with : l’équipe[hunspell_client.py:97 - hunspell_check_text()]
INFO:06/28/2020 09:33:29 AM:Compound word : *
[hunspell_client.py:79 - hunspell_check_text()]
INFO:06/28/2020 09:33:29 AM:Compound word : *
[hunspell_client.py:79 - hunspell_check_text()]
INFO:06/28/2020 09:33:29 AM:Compound word : + campagne
[hunspell_client.py:79 - hunspell_check_text()]
INFO:06/28/2020 09:33:29 AM:Compound word : + présidentielle
[hunspell_client.py:79 - hunspell_check_text()]
INFO:06/28/2020 09:33:29 AM:Compound word : *
[hunspell_client.py:79 - hunspell_check_text()]
INFO:06/28/2020 09:33:29 AM:Compound word : *
[hunspell_client.py:79 - hunspell_check_text()]
INFO:06/28/2020 09:33:29 AM:Compound word : *
[hunspell_client.py:79 - hunspell_check_text()]
INFO:06/28/2020 09:33:29 AM:Number of suggestions :13
[hunspell_client.py:92 - hunspell_check_text()]
INFO:06/28/2020 09:33:29 AM:AndresPossible typo with : Andrew[hunspell_client.py:97 - hunspell_check_text()]
INFO:06/28/2020 09:33:29 AM:Number of suggestions :1
[hunspell_client.py:92 - hunspell_check_text()]
INFO:06/28/2020 09:33:29 AM:Compound word : *
[hunspell_client.py:79 - hunspell_check_text()]
INFO:06/28/2020 09:33:29 AM:Number of suggestions :8
[hunspell_client.py:92 - hunspell_check_text()]
INFO:06/28/2020 09:33:29 AM:qu'avoirPossible typo with : qu’avoir[hunspell_client.py:97 - hunspell_check_text()]
INFO:06/28/2020 09:33:29 AM:Compound word : + fait
[hunspell_client.py:79 - hunspell_check_text()]
INFO:06/28/2020 09:33:29 AM:Compound word : + appel
[hunspell_client.py:79 - hunspell_check_text()]
INFO:06/28/2020 09:33:29 AM:Compound word : *
[hunspell_client.py:79 - hunspell_check_text()]
INFO:06/28/2020 09:33:29 AM:Compound word : + consultante
[hunspell_client.py:79 - hunspell_check_text()]
INFO:06/28/2020 09:33:29 AM:Compound word : *
[hunspell_client.py:79 - hunspell_check_text()]
INFO:06/28/2020 09:33:29 AM:Number of suggestions :7
[hunspell_client.py:92 - hunspell_check_text()]
INFO:06/28/2020 09:33:29 AM:RendonPossible typo with : Tendon[hunspell_client.py:97 - hunspell_check_text()]
INFO:06/28/2020 09:33:29 AM:Compound word : *
[hunspell_client.py:79 - hunspell_check_text()]
INFO:06/28/2020 09:33:29 AM:Compound word : + déclarer
[hunspell_client.py:79 - hunspell_check_text()]
INFO:06/28/2020 09:33:29 AM:Compound word : *
[hunspell_client.py:79 - hunspell_check_text()]
INFO:06/28/2020 09:33:29 AM:Compound word : + présidence
[hunspell_client.py:79 - hunspell_check_text()]
INFO:06/28/2020 09:33:29 AM:Compound word : *
[hunspell_client.py:79 - hunspell_check_text()]
INFO:06/28/2020 09:33:29 AM:Compound word : *
[hunspell_client.py:79 - hunspell_check_text()]
INFO:06/28/2020 09:33:29 AM:Compound word : + communiqué
[hunspell_client.py:79 - hunspell_check_text()]
INFO:06/28/2020 09:33:29 AM:Compound word : *
[hunspell_client.py:79 - hunspell_check_text()]
INFO:06/28/2020 09:33:29 AM:Compound word : + rejetonne
[hunspell_client.py:79 - hunspell_check_text()]
INFO:06/28/2020 09:33:29 AM:Compound word : *
[hunspell_client.py:79 - hunspell_check_text()]
INFO:06/28/2020 09:33:29 AM:Number of suggestions :12
[hunspell_client.py:92 - hunspell_check_text()]
INFO:06/28/2020 09:33:29 AM:l'usagePossible typo with : l’usage[hunspell_client.py:97 - hunspell_check_text()]
INFO:06/28/2020 09:33:29 AM:Compound word : *
[hunspell_client.py:79 - hunspell_check_text()]
INFO:06/28/2020 09:33:29 AM:Number of suggestions :6
[hunspell_client.py:92 - hunspell_check_text()]
INFO:06/28/2020 09:33:29 AM:l'informationPossible typo with : l’information[hunspell_client.py:97 - hunspell_check_text()]
INFO:06/28/2020 09:33:29 AM:Compound word : *
[hunspell_client.py:79 - hunspell_check_text()]
INFO:06/28/2020 09:33:29 AM:Compound word : *
[hunspell_client.py:79 - hunspell_check_text()]
INFO:06/28/2020 09:33:29 AM:Compound word : + méthodologie
[hunspell_client.py:79 - hunspell_check_text()]
INFO:06/28/2020 09:33:29 AM:Compound word : + décrire
[hunspell_client.py:79 - hunspell_check_text()]
INFO:06/28/2020 09:33:29 AM:Compound word : *
[hunspell_client.py:79 - hunspell_check_text()]
INFO:06/28/2020 09:33:29 AM:Number of suggestions :6
[hunspell_client.py:92 - hunspell_check_text()]
INFO:06/28/2020 09:33:29 AM:l'articlePossible typo with : l’article[hunspell_client.py:97 - hunspell_check_text()]
INFO:06/28/2020 09:33:29 AM:Compound word : + ajouter
[hunspell_client.py:79 - hunspell_check_text()]
INFO:06/28/2020 09:33:29 AM:Compound word : *
[hunspell_client.py:79 - hunspell_check_text()]
INFO:06/28/2020 09:33:29 AM:Compound word : + présidence
[hunspell_client.py:79 - hunspell_check_text()]
INFO:06/28/2020 09:33:29 AM:Compound word : + assurer
[hunspell_client.py:79 - hunspell_check_text()]
INFO:06/28/2020 09:33:29 AM:Compound word : *
[hunspell_client.py:79 - hunspell_check_text()]
INFO:06/28/2020 09:33:29 AM:Compound word : *
[hunspell_client.py:79 - hunspell_check_text()]
INFO:06/28/2020 09:33:29 AM:Compound word : + campagne
[hunspell_client.py:79 - hunspell_check_text()]
INFO:06/28/2020 09:33:29 AM:Compound word : *
[hunspell_client.py:79 - hunspell_check_text()]
INFO:06/28/2020 09:33:29 AM:Number of suggestions :15
[hunspell_client.py:92 - hunspell_check_text()]
INFO:06/28/2020 09:33:29 AM:PRIPossible typo with : PRO[hunspell_client.py:97 - hunspell_check_text()]
INFO:06/28/2020 09:33:29 AM:Compound word : *
[hunspell_client.py:79 - hunspell_check_text()]
INFO:06/28/2020 09:33:29 AM:Compound word : + été
[hunspell_client.py:79 - hunspell_check_text()]
INFO:06/28/2020 09:33:29 AM:Compound word : + menée
[hunspell_client.py:79 - hunspell_check_text()]
INFO:06/28/2020 09:33:29 AM:Compound word : *
[hunspell_client.py:79 - hunspell_check_text()]
INFO:06/28/2020 09:33:29 AM:Compound word : *
[hunspell_client.py:79 - hunspell_check_text()]
INFO:06/28/2020 09:33:29 AM:Compound word : + dirigeante
[hunspell_client.py:79 - hunspell_check_text()]
INFO:06/28/2020 09:33:29 AM:Compound word : + militante
[hunspell_client.py:79 - hunspell_check_text()]
INFO:06/28/2020 09:33:29 AM:Compound word : *
[hunspell_client.py:79 - hunspell_check_text()]
INFO:06/28/2020 09:33:29 AM:Compound word : + sympathisante
[hunspell_client.py:79 - hunspell_check_text()]
INFO:06/28/2020 09:33:29 AM:Compound word : *
[hunspell_client.py:79 - hunspell_check_text()]
INFO:06/28/2020 09:33:29 AM:Compound word : + parti
[hunspell_client.py:79 - hunspell_check_text()]
INFO:06/28/2020 09:33:29 AM:Compound word : *
[hunspell_client.py:79 - hunspell_check_text()]
INFO:06/28/2020 09:33:29 AM:Compound word : *
[hunspell_client.py:79 - hunspell_check_text()]
INFO:06/28/2020 09:33:29 AM:Compound word : + suite
[hunspell_client.py:79 - hunspell_check_text()]
INFO:06/28/2020 09:33:29 AM:Compound word : *
[hunspell_client.py:79 - hunspell_check_text()]
INFO:06/28/2020 09:33:29 AM:Compound word : + accusation
[hunspell_client.py:79 - hunspell_check_text()]
INFO:06/28/2020 09:33:29 AM:Compound word : + paraitre
[hunspell_client.py:79 - hunspell_check_text()]
INFO:06/28/2020 09:33:29 AM:Compound word : *
[hunspell_client.py:79 - hunspell_check_text()]
INFO:06/28/2020 09:33:29 AM:Number of suggestions :2
[hunspell_client.py:92 - hunspell_check_text()]
INFO:06/28/2020 09:33:29 AM:Number of suggestions :1
[hunspell_client.py:92 - hunspell_check_text()]
INFO:06/28/2020 09:33:29 AM:Compound word : *
[hunspell_client.py:79 - hunspell_check_text()]
INFO:06/28/2020 09:33:29 AM:Compound word : *
[hunspell_client.py:79 - hunspell_check_text()]
INFO:06/28/2020 09:33:29 AM:Compound word : + présidentielle
[hunspell_client.py:79 - hunspell_check_text()]
INFO:06/28/2020 09:33:29 AM:Number of suggestions :13
[hunspell_client.py:92 - hunspell_check_text()]
INFO:06/28/2020 09:33:29 AM:LopezPossible typo with : Nopez[hunspell_client.py:97 - hunspell_check_text()]
INFO:06/28/2020 09:33:29 AM:Number of suggestions :1
[hunspell_client.py:92 - hunspell_check_text()]
INFO:06/28/2020 09:33:29 AM:Compound word : *
[hunspell_client.py:79 - hunspell_check_text()]
INFO:06/28/2020 09:33:29 AM:Compound word : + parti
[hunspell_client.py:79 - hunspell_check_text()]
INFO:06/28/2020 09:33:29 AM:Compound word : *
[hunspell_client.py:79 - hunspell_check_text()]
INFO:06/28/2020 09:33:29 AM:Compound word : *
[hunspell_client.py:79 - hunspell_check_text()]
INFO:06/28/2020 09:33:29 AM:Compound word : + révolution
[hunspell_client.py:79 - hunspell_check_text()]
INFO:06/28/2020 09:33:29 AM:Compound word : + démocratique
[hunspell_client.py:79 - hunspell_check_text()]
INFO:06/28/2020 09:33:29 AM:Number of suggestions :7
[hunspell_client.py:92 - hunspell_check_text()]
INFO:06/28/2020 09:33:29 AM:PRDPossible typo with : PERD[hunspell_client.py:97 - hunspell_check_text()]
INFO:06/28/2020 09:33:29 AM:Compound word : + gauche
[hunspell_client.py:79 - hunspell_check_text()]
INFO:06/28/2020 09:33:29 AM:Compound word : *
[hunspell_client.py:79 - hunspell_check_text()]
INFO:06/28/2020 09:33:29 AM:Compound word : + indiquer
[hunspell_client.py:79 - hunspell_check_text()]
INFO:06/28/2020 09:33:29 AM:Compound word : *
[hunspell_client.py:79 - hunspell_check_text()]
INFO:06/28/2020 09:33:29 AM:Compound word : *
[hunspell_client.py:79 - hunspell_check_text()]
INFO:06/28/2020 09:33:29 AM:Compound word : + compte
[hunspell_client.py:79 - hunspell_check_text()]
INFO:06/28/2020 09:33:29 AM:Number of suggestions :1
[hunspell_client.py:92 - hunspell_check_text()]
INFO:06/28/2020 09:33:29 AM:Compound word : + être
[hunspell_client.py:79 - hunspell_check_text()]
INFO:06/28/2020 09:33:29 AM:Compound word : + convaincue
[hunspell_client.py:79 - hunspell_check_text()]
INFO:06/28/2020 09:33:29 AM:Number of suggestions :10
[hunspell_client.py:92 - hunspell_check_text()]
INFO:06/28/2020 09:33:29 AM:d'avoirPossible typo with : d’avoir[hunspell_client.py:97 - hunspell_check_text()]
INFO:06/28/2020 09:33:29 AM:Compound word : + été
[hunspell_client.py:79 - hunspell_check_text()]
INFO:06/28/2020 09:33:29 AM:Compound word : + espionner
[hunspell_client.py:79 - hunspell_check_text()]
INFO:06/28/2020 09:33:29 AM:Compound word : *
[hunspell_client.py:79 - hunspell_check_text()]
INFO:06/28/2020 09:33:29 AM:Compound word : *
[hunspell_client.py:79 - hunspell_check_text()]
INFO:06/28/2020 09:33:29 AM:Compound word : + campagne
[hunspell_client.py:79 - hunspell_check_text()]
INFO:06/28/2020 09:33:29 AM:Compound word : *
[hunspell_client.py:79 - hunspell_check_text()]
INFO:06/28/2020 09:33:29 AM:Compound word : *
[hunspell_client.py:79 - hunspell_check_text()]
INFO:06/28/2020 09:33:29 AM:Compound word : *
[hunspell_client.py:79 - hunspell_check_text()]
INFO:06/28/2020 09:33:29 AM:Compound word : *
[hunspell_client.py:79 - hunspell_check_text()]
INFO:06/28/2020 09:33:29 AM:Compound word : + celle
[hunspell_client.py:79 - hunspell_check_text()]
INFO:06/28/2020 09:33:29 AM:Compound word : *
[hunspell_client.py:79 - hunspell_check_text()]
INFO:06/28/2020 09:33:29 AM:Compound word : *
[hunspell_client.py:79 - hunspell_check_text()]
INFO:06/28/2020 09:33:29 AM:Compound word : *
[hunspell_client.py:79 - hunspell_check_text()]
INFO:06/28/2020 09:33:29 AM:Compound word : *
[hunspell_client.py:79 - hunspell_check_text()]
INFO:06/28/2020 09:33:29 AM:Compound word : + côté
[hunspell_client.py:79 - hunspell_check_text()]
INFO:06/28/2020 09:33:29 AM:Number of suggestions :4
[hunspell_client.py:92 - hunspell_check_text()]
INFO:06/28/2020 09:33:29 AM:JesusPossible typo with : Jésus[hunspell_client.py:97 - hunspell_check_text()]
INFO:06/28/2020 09:33:29 AM:Number of suggestions :1
[hunspell_client.py:92 - hunspell_check_text()]
INFO:06/28/2020 09:33:29 AM:Compound word : + présidente
[hunspell_client.py:79 - hunspell_check_text()]
INFO:06/28/2020 09:33:29 AM:Compound word : *
[hunspell_client.py:79 - hunspell_check_text()]
INFO:06/28/2020 09:33:29 AM:Compound word : *
[hunspell_client.py:79 - hunspell_check_text()]
INFO:06/28/2020 09:33:29 AM:Compound word : + chambre
[hunspell_client.py:79 - hunspell_check_text()]
INFO:06/28/2020 09:33:29 AM:Compound word : *
[hunspell_client.py:79 - hunspell_check_text()]
INFO:06/28/2020 09:33:29 AM:Compound word : + députée
[hunspell_client.py:79 - hunspell_check_text()]
INFO:06/28/2020 09:33:29 AM:Compound word : *
[hunspell_client.py:79 - hunspell_check_text()]
INFO:06/28/2020 09:33:29 AM:Compound word : + dirigeante
[hunspell_client.py:79 - hunspell_check_text()]
INFO:06/28/2020 09:33:29 AM:Compound word : *
[hunspell_client.py:79 - hunspell_check_text()]
INFO:06/28/2020 09:33:29 AM:Number of suggestions :7
[hunspell_client.py:92 - hunspell_check_text()]
INFO:06/28/2020 09:33:29 AM:PRDPossible typo with : PERD[hunspell_client.py:97 - hunspell_check_text()]
INFO:06/28/2020 09:33:29 AM:Compound word : *
[hunspell_client.py:79 - hunspell_check_text()]
INFO:06/28/2020 09:33:29 AM:Compound word : + demander
[hunspell_client.py:79 - hunspell_check_text()]
INFO:06/28/2020 09:33:29 AM:Compound word : *
[hunspell_client.py:79 - hunspell_check_text()]
INFO:06/28/2020 09:33:29 AM:Compound word : *
[hunspell_client.py:79 - hunspell_check_text()]
INFO:06/28/2020 09:33:29 AM:Compound word : + accusation
[hunspell_client.py:79 - hunspell_check_text()]
INFO:06/28/2020 09:33:29 AM:Compound word : + faire
[hunspell_client.py:79 - hunspell_check_text()]
INFO:06/28/2020 09:33:29 AM:Number of suggestions :6
[hunspell_client.py:92 - hunspell_check_text()]
INFO:06/28/2020 09:33:29 AM:l'objetPossible typo with : l’objet[hunspell_client.py:97 - hunspell_check_text()]
INFO:06/28/2020 09:33:29 AM:Number of suggestions :15
[hunspell_client.py:92 - hunspell_check_text()]
INFO:06/28/2020 09:33:29 AM:d'unePossible typo with : d’une[hunspell_client.py:97 - hunspell_check_text()]
INFO:06/28/2020 09:33:29 AM:Compound word : + enquête
[hunspell_client.py:79 - hunspell_check_text()]
INFO:06/28/2020 09:33:29 AM:Compound word : *
[hunspell_client.py:79 - hunspell_check_text()]
INFO:06/28/2020 09:33:29 AM:Compound word : *
[hunspell_client.py:79 - hunspell_check_text()]
INFO:06/28/2020 09:33:29 AM:Compound word : + part
[hunspell_client.py:79 - hunspell_check_text()]
INFO:06/28/2020 09:33:29 AM:Compound word : *
[hunspell_client.py:79 - hunspell_check_text()]
INFO:06/28/2020 09:33:29 AM:Compound word : + autorité
[hunspell_client.py:79 - hunspell_check_text()]
INFO:06/28/2020 09:33:29 AM:Compound word : + judiciaire
[hunspell_client.py:79 - hunspell_check_text()]
INFO:06/28/2020 09:33:29 AM:Compound word : + mexicaine
[hunspell_client.py:79 - hunspell_check_text()]
INFO:06/28/2020 09:33:29 AM:Compound word : *
[hunspell_client.py:79 - hunspell_check_text()]
INFO:06/28/2020 09:33:29 AM:Compound word : + révélation
[hunspell_client.py:79 - hunspell_check_text()]
INFO:06/28/2020 09:33:29 AM:Compound word : *
[hunspell_client.py:79 - hunspell_check_text()]
INFO:06/28/2020 09:33:29 AM:Compound word : + hacker
[hunspell_client.py:79 - hunspell_check_text()]
INFO:06/28/2020 09:33:29 AM:Compound word : + politique
[hunspell_client.py:79 - hunspell_check_text()]
INFO:06/28/2020 09:33:29 AM:Compound word : + colombienne
[hunspell_client.py:79 - hunspell_check_text()]
INFO:06/28/2020 09:33:29 AM:Number of suggestions :13
[hunspell_client.py:92 - hunspell_check_text()]
INFO:06/28/2020 09:33:29 AM:AndresPossible typo with : Andrew[hunspell_client.py:97 - hunspell_check_text()]
INFO:06/28/2020 09:33:29 AM:Number of suggestions :1
[hunspell_client.py:92 - hunspell_check_text()]
INFO:06/28/2020 09:33:29 AM:Compound word : + faire
[hunspell_client.py:79 - hunspell_check_text()]
INFO:06/28/2020 09:33:29 AM:Number of suggestions :6
[hunspell_client.py:92 - hunspell_check_text()]
INFO:06/28/2020 09:33:29 AM:l'effetPossible typo with : l’effet[hunspell_client.py:97 - hunspell_check_text()]
INFO:06/28/2020 09:33:29 AM:Number of suggestions :15
[hunspell_client.py:92 - hunspell_check_text()]
INFO:06/28/2020 09:33:29 AM:d'unePossible typo with : d’une[hunspell_client.py:97 - hunspell_check_text()]
INFO:06/28/2020 09:33:29 AM:Compound word : + bombe
[hunspell_client.py:79 - hunspell_check_text()]
INFO:06/28/2020 09:33:29 AM:Compound word : *
[hunspell_client.py:79 - hunspell_check_text()]
INFO:06/28/2020 09:33:29 AM:Compound word : + quelque
[hunspell_client.py:79 - hunspell_check_text()]
INFO:06/28/2020 09:33:29 AM:Compound word : + heure
[hunspell_client.py:79 - hunspell_check_text()]
INFO:06/28/2020 09:33:29 AM:Compound word : *
[hunspell_client.py:79 - hunspell_check_text()]
INFO:06/28/2020 09:33:29 AM:Compound word : *
[hunspell_client.py:79 - hunspell_check_text()]
INFO:06/28/2020 09:33:29 AM:Compound word : *
[hunspell_client.py:79 - hunspell_check_text()]
INFO:06/28/2020 09:33:29 AM:Compound word : *
[hunspell_client.py:79 - hunspell_check_text()]
INFO:06/28/2020 09:33:29 AM:Compound word : + urgence
[hunspell_client.py:79 - hunspell_check_text()]
INFO:06/28/2020 09:33:29 AM:Compound word : *
[hunspell_client.py:79 - hunspell_check_text()]
INFO:06/28/2020 09:33:29 AM:Compound word : + gouvernement
[hunspell_client.py:79 - hunspell_check_text()]
INFO:06/28/2020 09:33:29 AM:Compound word : *
[hunspell_client.py:79 - hunspell_check_text()]
INFO:06/28/2020 09:33:29 AM:Compound word : + présidente
[hunspell_client.py:79 - hunspell_check_text()]
INFO:06/28/2020 09:33:29 AM:Compound word : + mexicaine
[hunspell_client.py:79 - hunspell_check_text()]
INFO:06/28/2020 09:33:29 AM:Compound word : *
[hunspell_client.py:79 - hunspell_check_text()]
INFO:06/28/2020 09:33:29 AM:Number of suggestions :2
[hunspell_client.py:92 - hunspell_check_text()]
INFO:06/28/2020 09:33:29 AM:PeñaPossible typo with : Pesa[hunspell_client.py:97 - hunspell_check_text()]
INFO:06/28/2020 09:33:29 AM:Number of suggestions :1
[hunspell_client.py:92 - hunspell_check_text()]
INFO:06/28/2020 09:33:29 AM:Compound word : *
[hunspell_client.py:79 - hunspell_check_text()]
INFO:06/28/2020 09:33:29 AM:Compound word : + démenti
[hunspell_client.py:79 - hunspell_check_text()]
INFO:06/28/2020 09:33:29 AM:Compound word : *
[hunspell_client.py:79 - hunspell_check_text()]
INFO:06/28/2020 09:33:29 AM:Compound word : + soir
[hunspell_client.py:79 - hunspell_check_text()]
INFO:06/28/2020 09:33:29 AM:Compound word : + avoir
[hunspell_client.py:79 - hunspell_check_text()]
INFO:06/28/2020 09:33:29 AM:Compound word : + recruter
[hunspell_client.py:79 - hunspell_check_text()]
INFO:06/28/2020 09:33:29 AM:Compound word : *
[hunspell_client.py:79 - hunspell_check_text()]
INFO:06/28/2020 09:33:29 AM:Compound word : *
[hunspell_client.py:79 - hunspell_check_text()]
INFO:06/28/2020 09:33:29 AM:Compound word : *
[hunspell_client.py:79 - hunspell_check_text()]
INFO:06/28/2020 09:33:29 AM:b"Hunspell 1.3.3\n*\n*\n+ hacker\n+ affirmer\n+ avoir\n+ fausser\n*\n+ pr\xc3\xa9sidentielle\n*\n*\n*\n+ r\xc3\xa9v\xc3\xa9lation\n*\n+ hacker\n+ politique\n+ colombienne\n& Andres 13 117: Andrew, Andes, Andreas, Andrei, Andrea, Ancres, Sandres, Sandre, Antres, Flandres, M\xc3\xa9andres, Andr\xc3\xa8nes, Esclandres\n& Sepulveda 1 124: Pulsative\n+ faire\n& l'effet 6 139: l\xe2\x80\x99effet, l\xe2\x80\x99Effet, L\xe2\x80\x99effet, L\xe2\x80\x99Effet, d\xe2\x80\x99effet, D\xe2\x80\x99effet\n& d'une 15 147: d\xe2\x80\x99une, d\xe2\x80\x99Une, D\xe2\x80\x99une, D\xe2\x80\x99Une, d\xe2\x80\x99uns, d\xe2\x80\x99un, dune, d\xe2\x80\x99unes, d\xe2\x80\x99unie, d\xe2\x80\x99aune, d\xe2\x80\x99urne, d\xe2\x80\x99Aune, d\xe2\x80\x99uni, d\xe2\x80\x99ure, l\xe2\x80\x99une\n+ bombe\n*\n+ quelque\n+ heure\n*\n*\n*\n*\n+ urgence\n*\n+ gouvernement\n*\n+ pr\xc3\xa9sidente\n+ mexicaine\n*\n& Pe\xc3\xb1a 2 259: Pesa, Pela\n& Nieto 1 265: Tonie\n*\n+ d\xc3\xa9menti\n*\n*\n+ hacker\n+ affirmer\n+ avoir\n+ fausser\n*\n+ pr\xc3\xa9sidentielle\n*\n*\n& r\xc3\xa9agirLe 3 355: r\xc3\xa9agir Le, r\xc3\xa9agir-le, agr\xc3\xa9able\n+ hacker\n& Andres 13 372: Andrew, Andes, Andreas, Andrei, Andrea, Ancres, Sandres, Sandre, Antres, Flandres, M\xc3\xa9andres, Andr\xc3\xa8nes, Esclandres\n& Sepulveda 1 379: Pulsative\n+ dit\n+ avoir\n+ espionner\n*\n+ rivale\n*\n& l'actuel 6 423: l\xe2\x80\x99actuel, l\xe2\x80\x99Actuel, L\xe2\x80\x99actuel, L\xe2\x80\x99Actuel, d\xe2\x80\x99actuel, D\xe2\x80\x99actuel\n+ pr\xc3\xa9sidente\n+ mexicaine\n*\n& Pe\xc3\xb1a 2 460: Pesa, Pela\n& Nieto 1 466: Tonie\n*\n*\n*\n+ pr\xc3\xa9sidentielle\n*\n+ capture\n& d'\xc3\xa9cran 8 513: d\xe2\x80\x99\xc3\xa9cran, d\xe2\x80\x99\xc3\x89cran, D\xe2\x80\x99\xc3\xa9cran, D\xe2\x80\x99\xc3\x89cran, d\xe2\x80\x99\xc3\xa9crans, d\xe2\x80\x99\xc3\xa9crin, l\xe2\x80\x99\xc3\xa9cran, L\xe2\x80\x99\xc3\xa9cran\n& Twitter 2 522: Twister, Fritter\n*\n+ r\xc3\xa9v\xc3\xa9lation\n*\n+ hacker\n+ politique\n+ colombienne\n& Andres 13 578: Andrew, Andes, Andreas, Andrei, Andrea, Ancres, Sandres, Sandre, Antres, Flandres, M\xc3\xa9andres, Andr\xc3\xa8nes, Esclandres\n& Sepulveda 1 585: Pulsative\n+ faire\n& l'effet 6 600: l\xe2\x80\x99effet, l\xe2\x80\x99Effet, L\xe2\x80\x99effet, L\xe2\x80\x99Effet, d\xe2\x80\x99effet, D\xe2\x80\x99effet\n& d'une 15 608: d\xe2\x80\x99une, d\xe2\x80\x99Une, D\xe2\x80\x99une, D\xe2\x80\x99Une, d\xe2\x80\x99uns, d\xe2\x80\x99un, dune, d\xe2\x80\x99unes, d\xe2\x80\x99unie, d\xe2\x80\x99aune, d\xe2\x80\x99urne, d\xe2\x80\x99Aune, d\xe2\x80\x99uni, d\xe2\x80\x99ure, l\xe2\x80\x99une\n+ bombe\n*\n+ quelque\n+ heure\n*\n*\n*\n*\n+ urgence\n*\n+ gouvernement\n*\n+ pr\xc3\xa9sidente\n+ mexicaine\n*\n& Pe\xc3\xb1a 2 720: Pesa, Pela\n& Nieto 1 726: Tonie\n*\n+ d\xc3\xa9menti\n*\n+ soir\n+ avoir\n+ recruter\n*\n*\n*\n*\n*\n+ espionner\n*\n+ rivale\n*\n*\n*\n+ campagne\n+ pr\xc3\xa9sidentielle\n*\n*\n*\n& l'affirme 15 862: l\xe2\x80\x99affirme, l\xe2\x80\x99affirm\xc3\xa9, l\xe2\x80\x99affirm\xc3\xa8, l\xe2\x80\x99Affirm\xc3\xa9, L\xe2\x80\x99affirm\xc3\xa9, L\xe2\x80\x99Affirm\xc3\xa9, l\xe2\x80\x99affermi, m\xe2\x80\x99affirme, l\xe2\x80\x99affirmes, l\xe2\x80\x99affirmer, l\xe2\x80\x99affirm\xc3\xa9e, l\xe2\x80\x99affirmez, l\xe2\x80\x99afferme, s\xe2\x80\x99affirme, n\xe2\x80\x99affirme\n*\n+ hacker\n+ cit\xc3\xa9\n*\n& l'agence 15 892: l\xe2\x80\x99agence, l\xe2\x80\x99agenc\xc3\xa9, l\xe2\x80\x99agenc\xc3\xa8, l\xe2\x80\x99Agence, l\xe2\x80\x99Agenc\xc3\xa9, L\xe2\x80\x99agence, L\xe2\x80\x99agenc\xc3\xa9, L\xe2\x80\x99Agence, L\xe2\x80\x99Agenc\xc3\xa9, m\xe2\x80\x99agence, l\xe2\x80\x99agende, l\xe2\x80\x99agences, l\xe2\x80\x99agencer, l\xe2\x80\x99agenc\xc3\xa9e, l\xe2\x80\x99agencez\n*\n+ presse\n+ am\xc3\xa9ricaine\n& Bloomberg. 2 923: Bloomer, Romberg\n& Andres 13 934: Andrew, Andes, Andreas, Andrei, Andrea, Ancres, Sandres, Sandre, Antres, Flandres, M\xc3\xa9andres, Andr\xc3\xa8nes, Esclandres\n& Sepulved 1 941: Serpule\n*\n+ incarc\xc3\xa9rer\n*\n*\n*\n+ avoir\n+ mener\n*\n+ action\n& d'espionnage 8 1007: d\xe2\x80\x99espionnage, D\xe2\x80\x99espionnage, d\xe2\x80\x99Espionnage, d\xe2\x80\x99espionnages, l\xe2\x80\x99espionnage, L\xe2\x80\x99espionnage, d\xe2\x80\x99espion nage, d\xe2\x80\x99espion-nage\n+ viser\n*\n+ nuire\n*\n+ dialogue\n*\n*\n*\n*\n+ gouvernement\n+ colombienne\n*\n*\n& guerilla 1 1094: gu\xc3\xa9rilla\n*\n& FARC. 14 1107: FRAC, FARD, FAR, FAC, ARC, FARCE, FARCI, FARS, FART, FARO, PARC, MARC, F ARC, FAR C\n*\n*\n+ confession\n*\n& Bloomberg 2 1137: Bloomer, Romberg\n*\n+ expliquer\n+ avoir\n+ travailler\n*\n*\n+ ann\xc3\xa9e\n*\n*\n+ ordre\n& d'un 15 1212: d\xe2\x80\x99un, d\xe2\x80\x99Un, D\xe2\x80\x99un, D\xe2\x80\x99Un, d\xe2\x80\x99une, d\xe2\x80\x99uns, d\xe2\x80\x99uni, d\xe2\x80\x99en, d\xe2\x80\x99us, d\xe2\x80\x99ut, d\xe2\x80\x99an, l\xe2\x80\x99un, d\xe2\x80\x99on, d\xe2\x80\x99ud, L\xe2\x80\x99un\n+ consultante\n+ v\xc3\xa9n\xc3\xa9zu\xc3\xa9lienne\n*\n*\n& Rendon 7 1255: Tendon, Rendons, Rend on, Rend-on, Redond\xc3\xa9e, Redond\xc3\xa9, Rebond\n*\n+ mener\n+ campagne\n*\n+ faveur\n*\n+ diff\xc3\xa9rente\n+ parti\n+ politique\n+ conservatrice\n*\n*\n*\n& d'Am\xc3\xa9rique 7 1360: D\xe2\x80\x99Am\xc3\xa9rique, d\xe2\x80\x99Am\xc3\xa9riques, l\xe2\x80\x99Am\xc3\xa9rique, L\xe2\x80\x99Am\xc3\xa9rique, d\xe2\x80\x99Am\xc3\xa9rique, m\xc3\xa9tam\xc3\xa9rique, Am\xc3\xa9rique\n+ latine\n*\n*\n*\n*\n*\n& l'entreprise 10 1408: l\xe2\x80\x99entreprisse, l\xe2\x80\x99entreprise, L\xe2\x80\x99entreprise, l\xe2\x80\x99Entreprise, l\xe2\x80\x99entrepris, d\xe2\x80\x99entreprise, D\xe2\x80\x99entreprise, l\xe2\x80\x99entre prise, l\xe2\x80\x99entre-prise, l\xe2\x80\x99entrepris e\n*\n& Rendon 7 1424: Tendon, Rendons, Rend on, Rend-on, Redond\xc3\xa9e, Redond\xc3\xa9, Rebond\n*\n+ toucher\n*\n*\n+ campagne\n+ pr\xc3\xa9sidentielle\n*\n*\n*\n+ dollar\n*\n+ parti\n+ r\xc3\xa9volutionnaire\n+ institutionnelle\n& PRI 15 1545: PRO, PI, RI, PRIE, PRIS, PRIT, PRIA, PARI, PRI\xc3\x89, P\xc3\x89RI, PRIX, PRI\xc3\x88, PSI, TRI, PLI\n*\n& Pe\xc3\xb1a 2 1553: Pesa, Pela\n& Nieto 1 1559: Tonie\n*\n+ diffuser\n*\n+ fausser\n+ rumeur\n*\n& Twitter 2 1602: Twister, Fritter\n*\n+ espionner\n*\n+ t\xc3\xa9l\xc3\xa9phone\n*\n*\n+ courri\xc3\xa8re\n*\n+ candidate\n*\n& l'opposition 7 1672: l\xe2\x80\x99opposition, L\xe2\x80\x99opposition, l\xe2\x80\x99Opposition, l\xe2\x80\x99apposition, d\xe2\x80\x99opposition, l\xe2\x80\x99Apposition, D\xe2\x80\x99opposition\n*\n& Lopez 13 1692: Nopez, Topez, Dopez, Loupez, Clopez, Lapez, Louez, Lovez, Lofez, Logez, Lobez, Salopez, Galopez\n& Obrador 1 1698: Labrador\n*\n& Josefina 1 1709: Finasseuse\n& Vazquez 2 1718: Vaquez, Vel\xc3\xa1zquez\n& Mota 15 1726: Mona, Nota, Iota, Rota, Dota, Cota, Pota, Vota, Jota, Kota, Motta, Toma, Mita, Mot, Monta\n*\n*\n*\n+ staff\n*\n+ campagne\n*\n& PRI 15 1769: PRO, PI, RI, PRIE, PRIS, PRIT, PRIA, PARI, PRI\xc3\x89, P\xc3\x89RI, PRIX, PRI\xc3\x88, PSI, TRI, PLI\n*\n*\n+ emporter\n& l'\xc3\xa9lection 9 1795: l\xe2\x80\x99\xc3\xa9lection, L\xe2\x80\x99\xc3\xa9lection, l\xe2\x80\x99\xc3\x89lection, l\xe2\x80\x99\xc3\xa9lectron, l\xe2\x80\x99\xc3\xa9rection, d\xe2\x80\x99\xc3\xa9lection, l\xe2\x80\x99\xc3\xa9vection, l\xe2\x80\x99\xc3\xa9jection, D\xe2\x80\x99\xc3\xa9lection\n*\n*\n+ ann\xc3\xa9e\n*\n& l'opposition. 7 1830: l\xe2\x80\x99opposition, L\xe2\x80\x99opposition, l\xe2\x80\x99Opposition, l\xe2\x80\x99apposition, d\xe2\x80\x99opposition, l\xe2\x80\x99Apposition, D\xe2\x80\x99opposition\n*\n& Bloomberg 2 1850: Bloomer, Romberg\n*\n+ carri\xc3\xa8re\n*\n+ hacker\n*\n+ commencer\n*\n*\n*\n*\n+ piratage\n*\n+ site\n*\n*\n+ diff\xc3\xa9rente\n+ candidate\n*\n*\n+ \xc3\xa9lection\n*\n+ vol\n*\n+ donn\xc3\xa9e\n*\n& d'informations. 6 2000: d\xe2\x80\x99informations, D\xe2\x80\x99informations, d\xe2\x80\x99Informations, d\xe2\x80\x99infirmations, d\xe2\x80\x99information, d\xe2\x80\x99information s\n*\n+ fil\n*\n+ ann\xc3\xa9e\n*\n+ v\xc3\xa9ritable\n+ \xc3\xa9quipe\n*\n+ hacker\n*\n+ \xc3\xa9t\xc3\xa9\n+ constituer\n*\n*\n+ genre\n& d'espionnage 8 2103: d\xe2\x80\x99espionnage, D\xe2\x80\x99espionnage, d\xe2\x80\x99Espionnage, d\xe2\x80\x99espionnages, l\xe2\x80\x99espionnage, L\xe2\x80\x99espionnage, d\xe2\x80\x99espion nage, d\xe2\x80\x99espion-nage\n*\n*\n+ service\n+ \xc3\xa9tayer\n+ monnayer\n*\n*\n*\n& Andres 13 2167: Andrew, Andes, Andreas, Andrei, Andrea, Ancres, Sandres, Sandre, Antres, Flandres, M\xc3\xa9andres, Andr\xc3\xa8nes, Esclandres\n& Sepulveda 1 2174: Pulsative\n+ indiquer\n*\n& Bloomberg 2 2195: Bloomer, Romberg\n+ avoir\n+ mener\n*\n*\n+ campagne\n+ sale\n*\n*\n+ parti\n+ conservatrice\n*\n*\n+ \xc3\xa9lection\n+ pr\xc3\xa9sidentielle\n*\n+ nombreuse\n*\n& d'Am\xc3\xa9rique 7 2332: D\xe2\x80\x99Am\xc3\xa9rique, d\xe2\x80\x99Am\xc3\xa9riques, l\xe2\x80\x99Am\xc3\xa9rique, L\xe2\x80\x99Am\xc3\xa9rique, d\xe2\x80\x99Am\xc3\xa9rique, m\xc3\xa9tam\xc3\xa9rique, Am\xc3\xa9rique\n+ latine\n*\n+ panama\n*\n*\n*\n*\n*\n*\n*\n*\n*\n*\n*\n+ op\xc3\xa9ration\n*\n+ hacker\n& n'ont 6 2474: n\xe2\x80\x99ont, n\xe2\x80\x99oint, t\xe2\x80\x99ont, n\xe2\x80\x99oit, l\xe2\x80\x99ont, m\xe2\x80\x99ont\n*\n*\n+ \xc3\xa9t\xc3\xa9\n+ synonyme\n*\n+ victoire\n*\n*\n+ cliente\n& Andres 13 2538: Andrew, Andes, Andreas, Andrei, Andrea, Ancres, Sandres, Sandre, Antres, Flandres, M\xc3\xa9andres, Andr\xc3\xa8nes, Esclandres\n& Sepulveda 1 2545: Pulsative\n+ mettre\n*\n*\n*\n+ grande\n+ nombre\n*\n*\n*\n*\n+ targuer\n& d'avoir 10 2608: d\xe2\x80\x99avoir, d\xe2\x80\x99Avoir, D\xe2\x80\x99avoir, D\xe2\x80\x99Avoir, d\xe2\x80\x99avoirs, n\xe2\x80\x99avoir, t\xe2\x80\x99avoir, l\xe2\x80\x99avoir, m\xe2\x80\x99avoir, L\xe2\x80\x99avoir\n+ changer\n*\n*\n+ politique\n*\n& l'Am\xc3\xa9rique 6 2645: L\xe2\x80\x99Am\xc3\xa9rique, d\xe2\x80\x99Am\xc3\xa9rique, D\xe2\x80\x99Am\xc3\xa9rique, l\xe2\x80\x99Am\xc3\xa9rique, m\xc3\xa9tam\xc3\xa9rique, Am\xc3\xa9rique\n+ latine\n+ moderne\n*\n+ travail\n+ consister\n*\n+ rendre\n+ public\n*\n+ action\n+ sale\n*\n+ candidate\n*\n+ mener\n*\n+ op\xc3\xa9ration\n+ psychologique\n*\n*\n+ propagande\n+ noire\n*\n+ lancer\n*\n+ rumeur\n*\n*\n*\n+ c\xc3\xb4t\xc3\xa9\n+ sombre\n*\n*\n+ politique\n*\n*\n& n'imagine. 11 2898: n\xe2\x80\x99imagine, n\xe2\x80\x99imagin\xc3\xa8, n\xe2\x80\x99imagines, n\xe2\x80\x99imaginer, n\xe2\x80\x99imaginez, s\xe2\x80\x99imagine, t\xe2\x80\x99imagine, n\xe2\x80\x99imagina, l\xe2\x80\x99imagine, m\xe2\x80\x99imagine, j\xe2\x80\x99imagine\n*\n+ enqu\xc3\xaate\n+ r\xc3\xa9clamer\n*\n+ gouvernement\n+ mexicaine\n*\n*\n+ r\xc3\xa9agir\n+ nier\n& l'existence 5 2989: l\xe2\x80\x99existence, L\xe2\x80\x99existence, l\xe2\x80\x99Existence, d\xe2\x80\x99existence, D\xe2\x80\x99existence\n& d'une 15 3001: d\xe2\x80\x99une, d\xe2\x80\x99Une, D\xe2\x80\x99une, D\xe2\x80\x99Une, d\xe2\x80\x99uns, d\xe2\x80\x99un, dune, d\xe2\x80\x99unes, d\xe2\x80\x99unie, d\xe2\x80\x99aune, d\xe2\x80\x99urne, d\xe2\x80\x99Aune, d\xe2\x80\x99uni, d\xe2\x80\x99ure, l\xe2\x80\x99une\n+ quelconque\n+ relation\n*\n& l'\xc3\xa9quipe 15 3033: l\xe2\x80\x99\xc3\xa9quipe, l\xe2\x80\x99\xc3\xa9quip\xc3\xa9, l\xe2\x80\x99\xc3\xa9quip\xc3\xa8, l\xe2\x80\x99\xc3\x89quipe, l\xe2\x80\x99\xc3\x89quip\xc3\xa9, L\xe2\x80\x99\xc3\xa9quipe, m\xe2\x80\x99\xc3\xa9quipe, l\xe2\x80\x99\xc3\xa9quipes, l\xe2\x80\x99\xc3\xa9quiper, l\xe2\x80\x99\xc3\xa9quip\xc3\xa9e, l\xe2\x80\x99\xc3\xa9quipez, s\xe2\x80\x99\xc3\xa9quipe, l\xe2\x80\x99\xc3\xa9quine, n\xe2\x80\x99\xc3\xa9quipe, t\xe2\x80\x99\xc3\xa9quipe\n*\n*\n+ campagne\n+ pr\xc3\xa9sidentielle\n*\n*\n*\n& Andres 13 3085: Andrew, Andes, Andreas, Andrei, Andrea, Ancres, Sandres, Sandre, Antres, Flandres, M\xc3\xa9andres, Andr\xc3\xa8nes, Esclandres\n& Sepulveda 1 3092: Pulsative\n*\n& qu'avoir 8 3109: qu\xe2\x80\x99avoir, qu\xe2\x80\x99Avoir, Qu\xe2\x80\x99avoir, Qu\xe2\x80\x99Avoir, qu\xe2\x80\x99avoie, qu\xe2\x80\x99avoirs, qu\xe2\x80\x99a voir, qu\xe2\x80\x99a-voir\n+ fait\n+ appel\n*\n+ consultante\n*\n& Rendon 7 3148: Tendon, Rendons, Rend on, Rend-on, Redond\xc3\xa9e, Redond\xc3\xa9, Rebond\n*\n+ d\xc3\xa9clarer\n*\n+ pr\xc3\xa9sidence\n*\n*\n+ communiqu\xc3\xa9\n*\n+ rejetonne\n*\n& l'usage 12 3229: l\xe2\x80\x99usage, l\xe2\x80\x99usag\xc3\xa9, l\xe2\x80\x99Usage, l\xe2\x80\x99Usag\xc3\xa9, L\xe2\x80\x99usage, L\xe2\x80\x99usag\xc3\xa9, L\xe2\x80\x99Usage, L\xe2\x80\x99Usag\xc3\xa9, l\xe2\x80\x99usager, l\xe2\x80\x99usag\xc3\xa9e, d\xe2\x80\x99usage, D\xe2\x80\x99usage\n*\n& l'information 6 3240: l\xe2\x80\x99information, L\xe2\x80\x99information, l\xe2\x80\x99Information, l\xe2\x80\x99infirmation, d\xe2\x80\x99information, D\xe2\x80\x99information\n*\n*\n+ m\xc3\xa9thodologie\n+ d\xc3\xa9crire\n*\n& l'article 6 3289: l\xe2\x80\x99article, l\xe2\x80\x99Article, L\xe2\x80\x99article, l\xe2\x80\x99articule, d\xe2\x80\x99article, D\xe2\x80\x99article\n+ ajouter\n*\n+ pr\xc3\xa9sidence\n+ assurer\n*\n*\n+ campagne\n*\n& PRI 15 3350: PRO, PI, RI, PRIE, PRIS, PRIT, PRIA, PARI, PRI\xc3\x89, P\xc3\x89RI, PRIX, PRI\xc3\x88, PSI, TRI, PLI\n*\n+ \xc3\xa9t\xc3\xa9\n+ men\xc3\xa9e\n*\n*\n+ dirigeante\n+ militante\n*\n+ sympathisante\n*\n+ parti\n*\n*\n+ suite\n*\n+ accusation\n+ paraitre\n*\n& Bloomberg 2 3465: Bloomer, Romberg\n& l'ex-candidat 1 3476: candidature\n*\n*\n+ pr\xc3\xa9sidentielle\n& Lopez 13 3512: Nopez, Topez, Dopez, Loupez, Clopez, Lapez, Louez, Lovez, Lofez, Logez, Lobez, Salopez, Galopez\n& Obrador 1 3518: Labrador\n*\n+ parti\n*\n*\n+ r\xc3\xa9volution\n+ d\xc3\xa9mocratique\n& PRD 7 3569: PERD, PRO, PR\xc3\x89, PRS, PRE, PR, PR D\n+ gauche\n*\n+ indiquer\n*\n*\n+ compte\n& Facebook 1 3609: Boniface\n+ \xc3\xaatre\n+ convaincue\n& d'avoir 10 3634: d\xe2\x80\x99avoir, d\xe2\x80\x99Avoir, D\xe2\x80\x99avoir, D\xe2\x80\x99Avoir, d\xe2\x80\x99avoirs, n\xe2\x80\x99avoir, t\xe2\x80\x99avoir, l\xe2\x80\x99avoir, m\xe2\x80\x99avoir, L\xe2\x80\x99avoir\n+ \xc3\xa9t\xc3\xa9\n+ espionner\n*\n*\n+ campagne\n*\n*\n*\n*\n+ celle\n*\n*\n*\n*\n+ c\xc3\xb4t\xc3\xa9\n& Jesus 4 3725: J\xc3\xa9sus, Jess, Je sus, Je-sus\n& Zambrano 1 3731: Ramboutan\n+ pr\xc3\xa9sidente\n*\n*\n+ chambre\n*\n+ d\xc3\xa9put\xc3\xa9e\n*\n+ dirigeante\n*\n& PRD 7 3796: PERD, PRO, PR\xc3\x89, PRS, PRE, PR, PR D\n*\n+ demander\n*\n*\n+ accusation\n+ faire\n& l'objet 6 3840: l\xe2\x80\x99objet, l\xe2\x80\x99Objet, L\xe2\x80\x99objet, L\xe2\x80\x99Objet, d\xe2\x80\x99objet, D\xe2\x80\x99objet\n& d'une 15 3848: d\xe2\x80\x99une, d\xe2\x80\x99Une, D\xe2\x80\x99une, D\xe2\x80\x99Une, d\xe2\x80\x99uns, d\xe2\x80\x99un, dune, d\xe2\x80\x99unes, d\xe2\x80\x99unie, d\xe2\x80\x99aune, d\xe2\x80\x99urne, d\xe2\x80\x99Aune, d\xe2\x80\x99uni, d\xe2\x80\x99ure, l\xe2\x80\x99une\n+ enqu\xc3\xaate\n*\n*\n+ part\n*\n+ autorit\xc3\xa9\n+ judiciaire\n+ mexicaine\n*\n+ r\xc3\xa9v\xc3\xa9lation\n*\n+ hacker\n+ politique\n+ colombienne\n& Andres 13 3961: Andrew, Andes, Andreas, Andrei, Andrea, Ancres, Sandres, Sandre, Antres, Flandres, M\xc3\xa9andres, Andr\xc3\xa8nes, Esclandres\n& Sepulveda 1 3968: Pulsative\n+ faire\n& l'effet 6 3983: l\xe2\x80\x99effet, l\xe2\x80\x99Effet, L\xe2\x80\x99effet, L\xe2\x80\x99Effet, d\xe2\x80\x99effet, D\xe2\x80\x99effet\n& d'une 15 3991: d\xe2\x80\x99une, d\xe2\x80\x99Une, D\xe2\x80\x99une, D\xe2\x80\x99Une, d\xe2\x80\x99uns, d\xe2\x80\x99un, dune, d\xe2\x80\x99unes, d\xe2\x80\x99unie, d\xe2\x80\x99aune, d\xe2\x80\x99urne, d\xe2\x80\x99Aune, d\xe2\x80\x99uni, d\xe2\x80\x99ure, l\xe2\x80\x99une\n+ bombe\n*\n+ quelque\n+ heure\n*\n*\n*\n*\n+ urgence\n*\n+ gouvernement\n*\n+ pr\xc3\xa9sidente\n+ mexicaine\n*\n& Pe\xc3\xb1a 2 4103: Pesa, Pela\n& Nieto 1 4109: Tonie\n*\n+ d\xc3\xa9menti\n*\n+ soir\n+ avoir\n+ recruter\n*\n*\n*\n\n",{'*': 'Hunspell : compound word', '+ hacker': 'Hunspell : compound word', '+ affirmer': 'Hunspell : compound word', '+ avoir': 'Hunspell : compound word', '+ fausser': 'Hunspell : compound word', '+ présidentielle': 'Hunspell : compound word', '+ révélation': 'Hunspell : compound word', '+ politique': 'Hunspell : compound word', '+ colombienne': 'Hunspell : compound word', 'Andres': 'Hunspell : possible typo with : Andrew, Andes, Andreas, Andrei, Andrea, Ancres, Sandres, Sandre, Antres, Flandres, Méandres, Andrènes, Esclandres', 'Sepulveda': 'Hunspell : (distance > 2) - possible typo with : Pulsative', '+ faire': 'Hunspell : compound word', "l'effet": 'Hunspell : possible typo with : l’effet, l’Effet, L’effet, L’Effet, d’effet, D’effet', "d'une": 'Hunspell : possible typo with : d’une, d’Une, D’une, D’Une, d’uns, d’un, dune, d’unes, d’unie, d’aune, d’urne, d’Aune, d’uni, d’ure, l’une', '+ bombe': 'Hunspell : compound word', '+ quelque': 'Hunspell : compound word', '+ heure': 'Hunspell : compound word', '+ urgence': 'Hunspell : compound word', '+ gouvernement': 'Hunspell : compound word', '+ présidente': 'Hunspell : compound word', '+ mexicaine': 'Hunspell : compound word', 'Peña': 'Hunspell : possible typo with : Pesa, Pela', 'Nieto': 'Hunspell : (distance > 2) - possible typo with : Tonie', '+ démenti': 'Hunspell : compound word', 'réagirLe': 'Hunspell : possible typo with : réagir Le, réagir-le, agréable', '+ dit': 'Hunspell : compound word', '+ espionner': 'Hunspell : compound word', '+ rivale': 'Hunspell : compound word', "l'actuel": 'Hunspell : possible typo with : l’actuel, l’Actuel, L’actuel, L’Actuel, d’actuel, D’actuel', '+ capture': 'Hunspell : compound word', "d'écran": 'Hunspell : possible typo with : d’écran, d’Écran, D’écran, D’Écran, d’écrans, d’écrin, l’écran, L’écran', 'Twitter': 'Hunspell : possible typo with : Twister, Fritter', '+ soir': 'Hunspell : compound word', '+ recruter': 'Hunspell : compound word', '+ campagne': 'Hunspell : compound word', "l'affirme": 'Hunspell : possible typo with : l’affirme, l’affirmé, l’affirmè, l’Affirmé, L’affirmé, L’Affirmé, l’affermi, m’affirme, l’affirmes, l’affirmer, l’affirmée, l’affirmez, l’afferme, s’affirme, n’affirme', '+ cité': 'Hunspell : compound word', "l'agence": 'Hunspell : possible typo with : l’agence, l’agencé, l’agencè, l’Agence, l’Agencé, L’agence, L’agencé, L’Agence, L’Agencé, m’agence, l’agende, l’agences, l’agencer, l’agencée, l’agencez', '+ presse': 'Hunspell : compound word', '+ américaine': 'Hunspell : compound word', 'Bloomberg.': 'Hunspell : (distance > 2) - possible typo with : Bloomer, Romberg', 'Sepulved': 'Hunspell : (distance > 2) - possible typo with : Serpule', '+ incarcérer': 'Hunspell : compound word', '+ mener': 'Hunspell : compound word', '+ action': 'Hunspell : compound word', "d'espionnage": 'Hunspell : possible typo with : d’espionnage, D’espionnage, d’Espionnage, d’espionnages, l’espionnage, L’espionnage, d’espion nage, d’espion-nage', '+ viser': 'Hunspell : compound word', '+ nuire': 'Hunspell : compound word', '+ dialogue': 'Hunspell : compound word', 'guerilla': 'Hunspell : possible typo with : guérilla', 'FARC.': 'Hunspell : (distance > 2) - possible typo with : FRAC, FARD, FAR, FAC, ARC, FARCE, FARCI, FARS, FART, FARO, PARC, MARC, F ARC, FAR C', '+ confession': 'Hunspell : compound word', 'Bloomberg': 'Hunspell : (distance > 2) - possible typo with : Bloomer, Romberg', '+ expliquer': 'Hunspell : compound word', '+ travailler': 'Hunspell : compound word', '+ année': 'Hunspell : compound word', '+ ordre': 'Hunspell : compound word', "d'un": 'Hunspell : possible typo with : d’un, d’Un, D’un, D’Un, d’une, d’uns, d’uni, d’en, d’us, d’ut, d’an, l’un, d’on, d’ud, L’un', '+ consultante': 'Hunspell : compound word', '+ vénézuélienne': 'Hunspell : compound word', 'Rendon': 'Hunspell : possible typo with : Tendon, Rendons, Rend on, Rend-on, Redondée, Redondé, Rebond', '+ faveur': 'Hunspell : compound word', '+ différente': 'Hunspell : compound word', '+ parti': 'Hunspell : compound word', '+ conservatrice': 'Hunspell : compound word', "d'Amérique": 'Hunspell : (distance > 2) - possible typo with : D’Amérique, d’Amériques, l’Amérique, L’Amérique, d’Amérique, métamérique, Amérique', '+ latine': 'Hunspell : compound word', "l'entreprise": 'Hunspell : (distance > 2) - possible typo with : l’entreprisse, l’entreprise, L’entreprise, l’Entreprise, l’entrepris, d’entreprise, D’entreprise, l’entre prise, l’entre-prise, l’entrepris e', '+ toucher': 'Hunspell : compound word', '+ dollar': 'Hunspell : compound word', '+ révolutionnaire': 'Hunspell : compound word', '+ institutionnelle': 'Hunspell : compound word', 'PRI': 'Hunspell : possible typo with : PRO, PI, RI, PRIE, PRIS, PRIT, PRIA, PARI, PRIÉ, PÉRI, PRIX, PRIÈ, PSI, TRI, PLI', '+ diffuser': 'Hunspell : compound word', '+ rumeur': 'Hunspell : compound word', '+ téléphone': 'Hunspell : compound word', '+ courrière': 'Hunspell : compound word', '+ candidate': 'Hunspell : compound word', "l'opposition": 'Hunspell : possible typo with : l’opposition, L’opposition, l’Opposition, l’apposition, d’opposition, l’Apposition, D’opposition', 'Lopez': 'Hunspell : possible typo with : Nopez, Topez, Dopez, Loupez, Clopez, Lapez, Louez, Lovez, Lofez, Logez, Lobez, Salopez, Galopez', 'Obrador': 'Hunspell : (distance > 2) - possible typo with : Labrador', 'Josefina': 'Hunspell : (distance > 2) - possible typo with : Finasseuse', 'Vazquez': 'Hunspell : possible typo with : Vaquez, Velázquez', 'Mota': 'Hunspell : possible typo with : Mona, Nota, Iota, Rota, Dota, Cota, Pota, Vota, Jota, Kota, Motta, Toma, Mita, Mot, Monta', '+ staff': 'Hunspell : compound word', '+ emporter': 'Hunspell : compound word', "l'élection": 'Hunspell : possible typo with : l’élection, L’élection, l’Élection, l’électron, l’érection, d’élection, l’évection, l’éjection, D’élection', "l'opposition.": 'Hunspell : (distance > 2) - possible typo with : l’opposition, L’opposition, l’Opposition, l’apposition, d’opposition, l’Apposition, D’opposition', '+ carrière': 'Hunspell : compound word', '+ commencer': 'Hunspell : compound word', '+ piratage': 'Hunspell : compound word', '+ site': 'Hunspell : compound word', '+ élection': 'Hunspell : compound word', '+ vol': 'Hunspell : compound word', '+ donnée': 'Hunspell : compound word', "d'informations.": 'Hunspell : (distance > 2) - possible typo with : d’informations, D’informations, d’Informations, d’infirmations, d’information, d’information s', '+ fil': 'Hunspell : compound word', '+ véritable': 'Hunspell : compound word', '+ équipe': 'Hunspell : compound word', '+ été': 'Hunspell : compound word', '+ constituer': 'Hunspell : compound word', '+ genre': 'Hunspell : compound word', '+ service': 'Hunspell : compound word', '+ étayer': 'Hunspell : compound word', '+ monnayer': 'Hunspell : compound word', '+ indiquer': 'Hunspell : compound word', '+ sale': 'Hunspell : compound word', '+ nombreuse': 'Hunspell : compound word', '+ panama': 'Hunspell : compound word', '+ opération': 'Hunspell : compound word', "n'ont": 'Hunspell : possible typo with : n’ont, n’oint, t’ont, n’oit, l’ont, m’ont', '+ synonyme': 'Hunspell : compound word', '+ victoire': 'Hunspell : compound word', '+ cliente': 'Hunspell : compound word', '+ mettre': 'Hunspell : compound word', '+ grande': 'Hunspell : compound word', '+ nombre': 'Hunspell : compound word', '+ targuer': 'Hunspell : compound word', "d'avoir": 'Hunspell : possible typo with : d’avoir, d’Avoir, D’avoir, D’Avoir, d’avoirs, n’avoir, t’avoir, l’avoir, m’avoir, L’avoir', '+ changer': 'Hunspell : compound word', "l'Amérique": 'Hunspell : (distance > 2) - possible typo with : L’Amérique, d’Amérique, D’Amérique, l’Amérique, métamérique, Amérique', '+ moderne': 'Hunspell : compound word', '+ travail': 'Hunspell : compound word', '+ consister': 'Hunspell : compound word', '+ rendre': 'Hunspell : compound word', '+ public': 'Hunspell : compound word', '+ psychologique': 'Hunspell : compound word', '+ propagande': 'Hunspell : compound word', '+ noire': 'Hunspell : compound word', '+ lancer': 'Hunspell : compound word', '+ côté': 'Hunspell : compound word', '+ sombre': 'Hunspell : compound word', "n'imagine.": 'Hunspell : (distance > 2) - possible typo with : n’imagine, n’imaginè, n’imagines, n’imaginer, n’imaginez, s’imagine, t’imagine, n’imagina, l’imagine, m’imagine, j’imagine', '+ enquête': 'Hunspell : compound word', '+ réclamer': 'Hunspell : compound word', '+ réagir': 'Hunspell : compound word', '+ nier': 'Hunspell : compound word', "l'existence": 'Hunspell : possible typo with : l’existence, L’existence, l’Existence, d’existence, D’existence', '+ quelconque': 'Hunspell : compound word', '+ relation': 'Hunspell : compound word', "l'équipe": 'Hunspell : possible typo with : l’équipe, l’équipé, l’équipè, l’Équipe, l’Équipé, L’équipe, m’équipe, l’équipes, l’équiper, l’équipée, l’équipez, s’équipe, l’équine, n’équipe, t’équipe', "qu'avoir": 'Hunspell : possible typo with : qu’avoir, qu’Avoir, Qu’avoir, Qu’Avoir, qu’avoie, qu’avoirs, qu’a voir, qu’a-voir', '+ fait': 'Hunspell : compound word', '+ appel': 'Hunspell : compound word', '+ déclarer': 'Hunspell : compound word', '+ présidence': 'Hunspell : compound word', '+ communiqué': 'Hunspell : compound word', '+ rejetonne': 'Hunspell : compound word', "l'usage": 'Hunspell : possible typo with : l’usage, l’usagé, l’Usage, l’Usagé, L’usage, L’usagé, L’Usage, L’Usagé, l’usager, l’usagée, d’usage, D’usage', "l'information": 'Hunspell : possible typo with : l’information, L’information, l’Information, l’infirmation, d’information, D’information', '+ méthodologie': 'Hunspell : compound word', '+ décrire': 'Hunspell : compound word', "l'article": 'Hunspell : possible typo with : l’article, l’Article, L’article, l’articule, d’article, D’article', '+ ajouter': 'Hunspell : compound word', '+ assurer': 'Hunspell : compound word', '+ menée': 'Hunspell : compound word', '+ dirigeante': 'Hunspell : compound word', '+ militante': 'Hunspell : compound word', '+ sympathisante': 'Hunspell : compound word', '+ suite': 'Hunspell : compound word', '+ accusation': 'Hunspell : compound word', '+ paraitre': 'Hunspell : compound word', "l'ex-candidat": 'Hunspell : (distance > 2) - possible typo with : candidature', '+ révolution': 'Hunspell : compound word', '+ démocratique': 'Hunspell : compound word', 'PRD': 'Hunspell : possible typo with : PERD, PRO, PRÉ, PRS, PRE, PR, PR D', '+ gauche': 'Hunspell : compound word', '+ compte': 'Hunspell : compound word', 'Facebook': 'Hunspell : (distance > 2) - possible typo with : Boniface', '+ être': 'Hunspell : compound word', '+ convaincue': 'Hunspell : compound word', '+ celle': 'Hunspell : compound word', 'Jesus': 'Hunspell : possible typo with : Jésus, Jess, Je sus, Je-sus', 'Zambrano': 'Hunspell : (distance > 2) - possible typo with : Ramboutan', '+ chambre': 'Hunspell : compound word', '+ députée': 'Hunspell : compound word', '+ demander': 'Hunspell : compound word', "l'objet": 'Hunspell : possible typo with : l’objet, l’Objet, L’objet, L’Objet, d’objet, D’objet', '+ part': 'Hunspell : compound word', '+ autorité': 'Hunspell : compound word', '+ judiciaire': 'Hunspell : compound word'}
[hunspell_client.py:195 - <module>()]
